<?xml version="1.0" encoding="UTF-8"?>
  <testsuite tests="125" failures="4" time="3539.589190668">
      <testcase name="[sig-storage] PersistentVolumes-local [Feature:LocalPersistentVolumes] [Serial] [Volume type: gce-localssd-scsi-fs] when pod using local volume with non-existant path should not be able to mount" classname="Kubernetes e2e suite" time="0">
          <skipped></skipped>
      </testcase>
      <testcase name="[sig-cluster-lifecycle] Reboot [Disruptive] [Feature:Reboot] each node by switching off the network interface and ensure they function upon switch on" classname="Kubernetes e2e suite" time="0">
          <skipped></skipped>
      </testcase>
      <testcase name="[sig-cli] Kubectl Port forwarding [k8s.io] With a server listening on localhost [k8s.io] that expects NO client request should support a client that connects, sends DATA, and disconnects" classname="Kubernetes e2e suite" time="0">
          <skipped></skipped>
      </testcase>
      <testcase name="[sig-network] NetworkPolicy NetworkPolicy between server and client should enforce policy based on Ports [Feature:NetworkPolicy]" classname="Kubernetes e2e suite" time="0">
          <skipped></skipped>
      </testcase>
      <testcase name="[sig-network] Services should be able to create an internal type load balancer [Slow] [DisabledForLargeClusters]" classname="Kubernetes e2e suite" time="0">
          <skipped></skipped>
      </testcase>
      <testcase name="[sig-api-machinery] Servers with support for Table transformation should return chunks of table results for list calls" classname="Kubernetes e2e suite" time="0">
          <skipped></skipped>
      </testcase>
      <testcase name="[sig-storage] Secrets should be consumable from pods in volume with defaultMode set  [Conformance]" classname="Kubernetes e2e suite" time="12.496772617"></testcase>
      <testcase name="[sig-api-machinery] Garbage collector should orphan RS created by deployment when deleteOptions.OrphanDependents is true" classname="Kubernetes e2e suite" time="0">
          <skipped></skipped>
      </testcase>
      <testcase name="[sig-storage] Volumes vsphere [Feature:Volumes] should be mountable" classname="Kubernetes e2e suite" time="0">
          <skipped></skipped>
      </testcase>
      <testcase name="[k8s.io] Pods should be submitted and removed  [Conformance]" classname="Kubernetes e2e suite" time="61.300730537"></testcase>
      <testcase name="[sig-apps] Job should run a job to completion when tasks sometimes fail and are locally restarted" classname="Kubernetes e2e suite" time="0">
          <skipped></skipped>
      </testcase>
      <testcase name="[sig-storage] Downward API volume should provide podname as non-root with fsgroup and defaultMode [Feature:FSGroup]" classname="Kubernetes e2e suite" time="0">
          <skipped></skipped>
      </testcase>
      <testcase name="[sig-autoscaling] Cluster size autoscaling [Slow] should scale down when expendable pod is running [Feature:ClusterSizeAutoscalingScaleDown]" classname="Kubernetes e2e suite" time="0">
          <skipped></skipped>
      </testcase>
      <testcase name="[sig-apps] DaemonRestart [Disruptive] Controller Manager should not create/delete replicas across restart" classname="Kubernetes e2e suite" time="0">
          <skipped></skipped>
      </testcase>
      <testcase name="[sig-storage] PersistentVolumes NFS with Single PV - PVC pairs create a PVC and non-pre-bound PV: test write access" classname="Kubernetes e2e suite" time="0">
          <skipped></skipped>
      </testcase>
      <testcase name="[k8s.io] [Feature:Example] [k8s.io] Redis should create and stop redis servers" classname="Kubernetes e2e suite" time="0">
          <skipped></skipped>
      </testcase>
      <testcase name="[sig-apps] Network Partition [Disruptive] [Slow] [k8s.io] [StatefulSet] should not reschedule stateful pods if there is a network partition [Slow] [Disruptive]" classname="Kubernetes e2e suite" time="0">
          <skipped></skipped>
      </testcase>
      <testcase name="[sig-api-machinery] Servers with support for API chunking should return chunks of results for list calls" classname="Kubernetes e2e suite" time="0">
          <skipped></skipped>
      </testcase>
      <testcase name="[sig-apps] ReplicationController should surface a failure condition on a common issue like exceeded quota" classname="Kubernetes e2e suite" time="0">
          <skipped></skipped>
      </testcase>
      <testcase name="[sig-storage] Storage Policy Based Volume Provisioning [Feature:vsphere] verify VSAN storage capability with valid diskStripes and objectSpaceReservation values is honored for dynamically provisioned pvc using storageclass" classname="Kubernetes e2e suite" time="0">
          <skipped></skipped>
      </testcase>
      <testcase name="[sig-apps] DisruptionController evictions: too few pods, replicaSet, percentage =&gt; should not allow an eviction" classname="Kubernetes e2e suite" time="0">
          <skipped></skipped>
      </testcase>
      <testcase name="[sig-cluster-lifecycle] [Feature:BootstrapTokens] should resign the bootstrap tokens when the clusterInfo ConfigMap updated [Serial][Disruptive]" classname="Kubernetes e2e suite" time="0">
          <skipped></skipped>
      </testcase>
      <testcase name="[sig-storage] Dynamic Provisioning DynamicProvisioner should provision storage with non-default reclaim policy Retain" classname="Kubernetes e2e suite" time="0">
          <skipped></skipped>
      </testcase>
      <testcase name="[sig-apps] CronJob should not schedule new jobs when ForbidConcurrent [Slow]" classname="Kubernetes e2e suite" time="0">
          <skipped></skipped>
      </testcase>
      <testcase name="[sig-storage] PersistentVolumes[Disruptive][Flaky] when kubelet restarts Should test that a file written to the mount before kubelet restart is readable after restart." classname="Kubernetes e2e suite" time="0">
          <skipped></skipped>
      </testcase>
      <testcase name="[sig-scalability] Load capacity [Feature:ManualPerformance] should be able to handle 30 pods per node { Random} with 0 secrets, 0 configmaps and 0 daemons" classname="Kubernetes e2e suite" time="0">
          <skipped></skipped>
      </testcase>
      <testcase name="[sig-autoscaling] Cluster size autoscaling [Slow] shouldn&#39;t scale up if cores limit too low, should scale up after limit is changed [Feature:ClusterSizeAutoscalingScaleWithNAP]" classname="Kubernetes e2e suite" time="0">
          <skipped></skipped>
      </testcase>
      <testcase name="[sig-storage] EmptyDir volumes should support (root,0666,tmpfs) [Conformance]" classname="Kubernetes e2e suite" time="6.367261093"></testcase>
      <testcase name="[sig-network] Loadbalancing: L7 [Slow] Nginx should conform to Ingress spec" classname="Kubernetes e2e suite" time="0">
          <skipped></skipped>
      </testcase>
      <testcase name="[sig-cli] Kubectl Port forwarding [k8s.io] With a server listening on localhost [k8s.io] that expects a client request should support a client that connects, sends DATA, and disconnects" classname="Kubernetes e2e suite" time="0">
          <skipped></skipped>
      </testcase>
      <testcase name="[sig-network] Services should be able to change the type from ExternalName to NodePort" classname="Kubernetes e2e suite" time="0">
          <skipped></skipped>
      </testcase>
      <testcase name="[sig-storage] Storage Policy Based Volume Provisioning [Feature:vsphere] verify VSAN storage capability with invalid diskStripes value is not honored for dynamically provisioned pvc using storageclass" classname="Kubernetes e2e suite" time="0">
          <skipped></skipped>
      </testcase>
      <testcase name="[sig-api-machinery] Secrets should be consumable from pods in env vars  [Conformance]" classname="Kubernetes e2e suite" time="12.310238996"></testcase>
      <testcase name="[sig-storage] Downward API volume should provide node allocatable (cpu) as default cpu limit if the limit is not set  [Conformance]" classname="Kubernetes e2e suite" time="6.286018721"></testcase>
      <testcase name="[sig-storage] PersistentVolumes [Feature:ReclaimPolicy] [sig-storage] persistentvolumereclaim:vsphere should not detach and unmount PV when associated pvc with delete as reclaimPolicy is deleted when it is in use by the pod" classname="Kubernetes e2e suite" time="0">
          <skipped></skipped>
      </testcase>
      <testcase name="[sig-cli] Kubectl Port forwarding [k8s.io] With a server listening on 0.0.0.0 [k8s.io] that expects NO client request should support a client that connects, sends DATA, and disconnects" classname="Kubernetes e2e suite" time="0">
          <skipped></skipped>
      </testcase>
      <testcase name="[sig-scheduling] SchedulerPredicates [Serial] validates that there is no conflict between pods with same hostPort but different hostIP and protocol" classname="Kubernetes e2e suite" time="0">
          <skipped></skipped>
      </testcase>
      <testcase name="[sig-network] Services should use same NodePort with same port but different protocols" classname="Kubernetes e2e suite" time="0">
          <skipped></skipped>
      </testcase>
      <testcase name="[k8s.io] Sysctls should support unsafe sysctls which are actually whitelisted" classname="Kubernetes e2e suite" time="0">
          <skipped></skipped>
      </testcase>
      <testcase name="[sig-storage] Volume plugin streaming [Slow] Ceph-RBD [Feature:Volumes] should write files of various sizes, verify size, validate content" classname="Kubernetes e2e suite" time="0">
          <skipped></skipped>
      </testcase>
      <testcase name="[sig-autoscaling] Cluster size autoscaling [Slow] should increase cluster size if pending pods are small [Feature:ClusterSizeAutoscalingScaleUp]" classname="Kubernetes e2e suite" time="0">
          <skipped></skipped>
      </testcase>
      <testcase name="[sig-storage] Storage Policy Based Volume Provisioning [Feature:vsphere] verify VSAN storage capability with valid diskStripes and objectSpaceReservation values and a VSAN datastore is honored for dynamically provisioned pvc using storageclass" classname="Kubernetes e2e suite" time="0">
          <skipped></skipped>
      </testcase>
      <testcase name="[sig-api-machinery] ConfigMap should be consumable via the environment  [Conformance]" classname="Kubernetes e2e suite" time="6.366847794"></testcase>
      <testcase name="[sig-storage] Volume Placement test back to back pod creation and deletion with different volume sources on the same worker node" classname="Kubernetes e2e suite" time="0">
          <skipped></skipped>
      </testcase>
      <testcase name="[sig-network] Services should be able to change the type from ExternalName to ClusterIP" classname="Kubernetes e2e suite" time="0">
          <skipped></skipped>
      </testcase>
      <testcase name="[sig-network] NetworkPolicy NetworkPolicy between server and client should support allow-all policy [Feature:NetworkPolicy]" classname="Kubernetes e2e suite" time="0">
          <skipped></skipped>
      </testcase>
      <testcase name="[k8s.io] [Feature:Example] [k8s.io] Hazelcast should create and scale hazelcast" classname="Kubernetes e2e suite" time="0">
          <skipped></skipped>
      </testcase>
      <testcase name="[sig-instrumentation] Monitoring should verify monitoring pods and all cluster nodes are available on influxdb using heapster." classname="Kubernetes e2e suite" time="0">
          <skipped></skipped>
      </testcase>
      <testcase name="[sig-storage] Dynamic Provisioning DynamicProvisioner should not provision a volume in an unmanaged GCE zone. [Slow]" classname="Kubernetes e2e suite" time="0">
          <skipped></skipped>
      </testcase>
      <testcase name="[sig-apps] Network Partition [Disruptive] [Slow] [k8s.io] [Job] should create new pods when node is partitioned" classname="Kubernetes e2e suite" time="0">
          <skipped></skipped>
      </testcase>
      <testcase name="[sig-storage] Volume plugin streaming [Slow] iSCSI [Feature:Volumes] should write files of various sizes, verify size, validate content" classname="Kubernetes e2e suite" time="0">
          <skipped></skipped>
      </testcase>
      <testcase name="[sig-apps] Deployment deployment should support rollover" classname="Kubernetes e2e suite" time="0">
          <skipped></skipped>
      </testcase>
      <testcase name="[sig-storage] [Serial] Volume metrics should create prometheus metrics for volume provisioning and attach/detach" classname="Kubernetes e2e suite" time="0">
          <skipped></skipped>
      </testcase>
      <testcase name="[sig-cluster-lifecycle] Node Auto Repairs [Slow] [Disruptive] should repair node [Feature:NodeAutoRepairs]" classname="Kubernetes e2e suite" time="0">
          <skipped></skipped>
      </testcase>
      <testcase name="[sig-api-machinery] Initializers [Feature:Initializers] will be set to nil if a patch removes the last pending initializer" classname="Kubernetes e2e suite" time="0">
          <skipped></skipped>
      </testcase>
      <testcase name="[sig-storage] Storage Policy Based Volume Provisioning [Feature:vsphere] verify VSAN storage capability with invalid capability name objectSpaceReserve is not honored for dynamically provisioned pvc using storageclass" classname="Kubernetes e2e suite" time="0">
          <skipped></skipped>
      </testcase>
      <testcase name="[sig-api-machinery] Namespaces [Serial] should always delete fast (ALL of 100 namespaces in 150 seconds) [Feature:ComprehensiveNamespaceDraining]" classname="Kubernetes e2e suite" time="0">
          <skipped></skipped>
      </testcase>
      <testcase name="[sig-storage] Volume FStype [Feature:vsphere] verify fstype - ext3 formatted volume" classname="Kubernetes e2e suite" time="0">
          <skipped></skipped>
      </testcase>
      <testcase name="[k8s.io] Probing container should *not* be restarted with a /healthz http liveness probe  [Conformance]" classname="Kubernetes e2e suite" time="128.519840627"></testcase>
      <testcase name="[sig-storage] Dynamic Provisioning DynamicProvisioner Default should create and delete default persistent volumes [Slow]" classname="Kubernetes e2e suite" time="0">
          <skipped></skipped>
      </testcase>
      <testcase name="[sig-storage] Projected should be consumable from pods in volume with defaultMode set [Conformance]" classname="Kubernetes e2e suite" time="6.292426755"></testcase>
      <testcase name="[sig-network] DNS should provide DNS for pods for Hostname and Subdomain" classname="Kubernetes e2e suite" time="0">
          <skipped></skipped>
      </testcase>
      <testcase name="[sig-autoscaling] Cluster size autoscaling [Slow] Should be able to scale a node group up from 0[Feature:ClusterSizeAutoscalingScaleUp]" classname="Kubernetes e2e suite" time="0">
          <skipped></skipped>
      </testcase>
      <testcase name="[sig-scheduling] SchedulerPredicates [Serial] validates that NodeAffinity is respected if not matching" classname="Kubernetes e2e suite" time="0">
          <skipped></skipped>
      </testcase>
      <testcase name="[sig-apps] Daemon set [Serial] should run and stop complex daemon" classname="Kubernetes e2e suite" time="0">
          <skipped></skipped>
      </testcase>
      <testcase name="[sig-scalability] Empty [Feature:Empty] starts a pod" classname="Kubernetes e2e suite" time="0">
          <skipped></skipped>
      </testcase>
      <testcase name="[sig-apps] Network Partition [Disruptive] [Slow] [k8s.io] Pods should be evicted from unready Node [Feature:TaintEviction] All pods on the unreachable node should be marked as NotReady upon the node turn NotReady AND all pods should be evicted after eviction timeout passes" classname="Kubernetes e2e suite" time="0">
          <skipped></skipped>
      </testcase>
      <testcase name="[sig-storage] Projected should be consumable from pods in volume with mappings [Conformance]" classname="Kubernetes e2e suite" time="6.32535812"></testcase>
      <testcase name="[sig-api-machinery] Namespaces [Serial] should ensure that all services are removed when a namespace is deleted." classname="Kubernetes e2e suite" time="0">
          <skipped></skipped>
      </testcase>
      <testcase name="[sig-scheduling] ResourceQuota should create a ResourceQuota and capture the life of a replica set." classname="Kubernetes e2e suite" time="0">
          <skipped></skipped>
      </testcase>
      <testcase name="[sig-apps] StatefulSet [k8s.io] Basic StatefulSet functionality [StatefulSetBasic] should have a working scale subresource" classname="Kubernetes e2e suite" time="0">
          <skipped></skipped>
      </testcase>
      <testcase name="[sig-autoscaling] DNS horizontal autoscaling kube-dns-autoscaler should scale kube-dns pods in both nonfaulty and faulty scenarios" classname="Kubernetes e2e suite" time="0">
          <skipped></skipped>
      </testcase>
      <testcase name="[sig-storage] EmptyDir wrapper volumes should not conflict" classname="Kubernetes e2e suite" time="0">
          <skipped></skipped>
      </testcase>
      <testcase name="[k8s.io] Docker Containers should be able to override the image&#39;s default arguments (docker cmd)  [Conformance]" classname="Kubernetes e2e suite" time="12.306621734"></testcase>
      <testcase name="[k8s.io] [sig-node] Security Context [Feature:SecurityContext] should support pod.Spec.SecurityContext.SupplementalGroups" classname="Kubernetes e2e suite" time="0">
          <skipped></skipped>
      </testcase>
      <testcase name="[sig-storage] Projected should be consumable from pods in volume as non-root with defaultMode and fsGroup set [Feature:FSGroup]" classname="Kubernetes e2e suite" time="0">
          <skipped></skipped>
      </testcase>
      <testcase name="[sig-storage] EmptyDir volumes should support (root,0644,default) [Conformance]" classname="Kubernetes e2e suite" time="6.304481024"></testcase>
      <testcase name="[sig-api-machinery] Garbage collector should orphan pods created by rc if deleteOptions.OrphanDependents is nil" classname="Kubernetes e2e suite" time="0">
          <skipped></skipped>
      </testcase>
      <testcase name="[sig-storage] PersistentVolumes-local [Feature:LocalPersistentVolumes] [Serial] when StatefulSet has pod anti-affinity should use volumes spread across nodes" classname="Kubernetes e2e suite" time="0">
          <skipped></skipped>
      </testcase>
      <testcase name="[sig-storage] Volumes Ceph RBD [Feature:Volumes] should be mountable" classname="Kubernetes e2e suite" time="0">
          <skipped></skipped>
      </testcase>
      <testcase name="[sig-autoscaling] Cluster size autoscaling [Slow] should increase cluster size if pods are pending due to pod anti-affinity [Feature:ClusterSizeAutoscalingScaleUp]" classname="Kubernetes e2e suite" time="0">
          <skipped></skipped>
      </testcase>
      <testcase name="[k8s.io] [sig-node] Pod garbage collector [Feature:PodGarbageCollector] [Slow] should handle the creation of 1000 pods" classname="Kubernetes e2e suite" time="0">
          <skipped></skipped>
      </testcase>
      <testcase name="[sig-storage] Projected optional updates should be reflected in volume [Conformance]" classname="Kubernetes e2e suite" time="90.758106547"></testcase>
      <testcase name="[sig-storage] HostPath should support existing single file subPath" classname="Kubernetes e2e suite" time="0">
          <skipped></skipped>
      </testcase>
      <testcase name="[sig-storage] Storage Policy Based Volume Provisioning [Feature:vsphere] verify an existing and compatible SPBM policy is honored for dynamically provisioned pvc using storageclass" classname="Kubernetes e2e suite" time="0">
          <skipped></skipped>
      </testcase>
      <testcase name="[sig-cli] Kubectl client [k8s.io] Simple pod should support inline execution and attach" classname="Kubernetes e2e suite" time="0">
          <skipped></skipped>
      </testcase>
      <testcase name="[sig-scalability] Load capacity [Feature:Performance] should be able to handle 30 pods per node { ReplicationController} with 0 secrets, 0 configmaps and 0 daemons" classname="Kubernetes e2e suite" time="0">
          <skipped></skipped>
      </testcase>
      <testcase name="[sig-storage] Volume FStype [Feature:vsphere] verify fstype - default value should be ext4" classname="Kubernetes e2e suite" time="0">
          <skipped></skipped>
      </testcase>
      <testcase name="[sig-network] Services should work after restarting apiserver [Disruptive]" classname="Kubernetes e2e suite" time="0">
          <skipped></skipped>
      </testcase>
      <testcase name="[sig-network] Networking Granular Checks: Services [Slow] should function for pod-Service: http" classname="Kubernetes e2e suite" time="0">
          <skipped></skipped>
      </testcase>
      <testcase name="[sig-cli] Kubectl client [k8s.io] Kubectl describe should check if kubectl describe prints relevant information for rc and pods  [Conformance]" classname="Kubernetes e2e suite" time="0">
          <skipped></skipped>
      </testcase>
      <testcase name="[sig-network] Networking Granular Checks: Services [Slow] should function for client IP based session affinity: http" classname="Kubernetes e2e suite" time="0">
          <skipped></skipped>
      </testcase>
      <testcase name="[sig-apps] CronJob should remove from active list jobs that have been deleted" classname="Kubernetes e2e suite" time="0">
          <skipped></skipped>
      </testcase>
      <testcase name="[sig-storage] EmptyDir volumes should support (non-root,0777,tmpfs) [Conformance]" classname="Kubernetes e2e suite" time="12.312721273"></testcase>
      <testcase name="[sig-network] Loadbalancing: L7 GCE [Slow] [Feature:NEG] should conform to Ingress spec" classname="Kubernetes e2e suite" time="0">
          <skipped></skipped>
      </testcase>
      <testcase name="[k8s.io] [sig-node] kubelet [k8s.io] [sig-node] Clean up pods on node kubelet should be able to delete 10 pods per node in 1m0s." classname="Kubernetes e2e suite" time="0">
          <skipped></skipped>
      </testcase>
      <testcase name="[sig-cli] Kubectl Port forwarding [k8s.io] With a server listening on localhost [k8s.io] that expects a client request should support a client that connects, sends NO DATA, and disconnects" classname="Kubernetes e2e suite" time="0">
          <skipped></skipped>
      </testcase>
      <testcase name="[sig-storage] Volume Provisioning on Datastore [Feature:vsphere] verify dynamically provisioned pv using storageclass fails on an invalid datastore" classname="Kubernetes e2e suite" time="0">
          <skipped></skipped>
      </testcase>
      <testcase name="[sig-storage] Projected should be consumable in multiple volumes in the same pod [Conformance]" classname="Kubernetes e2e suite" time="6.371094014"></testcase>
      <testcase name="[sig-storage] Pod Disks schedule pods each with a PD, delete pod and verify detach [Slow] for RW PD with pod delete grace period of &#34;default (30s)&#34;" classname="Kubernetes e2e suite" time="0">
          <skipped></skipped>
      </testcase>
      <testcase name="[sig-storage] Storage Policy Based Volume Provisioning [Feature:vsphere] verify an if a SPBM policy and VSAN capabilities cannot be honored for dynamically provisioned pvc using storageclass" classname="Kubernetes e2e suite" time="0">
          <skipped></skipped>
      </testcase>
      <testcase name="[sig-scheduling] LimitRange should create a LimitRange with defaults and ensure pod has those defaults applied." classname="Kubernetes e2e suite" time="0">
          <skipped></skipped>
      </testcase>
      <testcase name="[sig-apps] StatefulSet [k8s.io] Basic StatefulSet functionality [StatefulSetBasic] should provide basic identity" classname="Kubernetes e2e suite" time="0">
          <skipped></skipped>
      </testcase>
      <testcase name="[sig-storage] Projected should be able to mount in a volume regardless of a different secret existing with same name in different namespace" classname="Kubernetes e2e suite" time="0">
          <skipped></skipped>
      </testcase>
      <testcase name="[sig-apps] StatefulSet [k8s.io] Basic StatefulSet functionality [StatefulSetBasic] Scaling should happen in predictable order and halt if any stateful pod is unhealthy" classname="Kubernetes e2e suite" time="0">
          <skipped></skipped>
      </testcase>
      <testcase name="[sig-scalability] Density [Feature:ManualPerformance] should allow starting 50 pods per node using { ReplicationController} with 0 secrets, 0 configmaps and 0 daemons" classname="Kubernetes e2e suite" time="0">
          <skipped></skipped>
      </testcase>
      <testcase name="[sig-storage] EmptyDir volumes should support (non-root,0666,tmpfs) [Conformance]" classname="Kubernetes e2e suite" time="6.326107153"></testcase>
      <testcase name="[sig-storage] Dynamic Provisioning DynamicProvisioner Default should be disabled by removing the default annotation[Slow] [Serial] [Disruptive]" classname="Kubernetes e2e suite" time="0">
          <skipped></skipped>
      </testcase>
      <testcase name="[sig-network] DNS should provide DNS for ExternalName services" classname="Kubernetes e2e suite" time="0">
          <skipped></skipped>
      </testcase>
      <testcase name="[sig-cli] Kubectl client [k8s.io] Kubectl apply should apply a new configuration to an existing RC" classname="Kubernetes e2e suite" time="0">
          <skipped></skipped>
      </testcase>
      <testcase name="[sig-cluster-lifecycle] Reboot [Disruptive] [Feature:Reboot] each node by ordering clean reboot and ensure they function upon restart" classname="Kubernetes e2e suite" time="0">
          <skipped></skipped>
      </testcase>
      <testcase name="[sig-scheduling] ResourceQuota should create a ResourceQuota and capture the life of a pod." classname="Kubernetes e2e suite" time="0">
          <skipped></skipped>
      </testcase>
      <testcase name="[sig-autoscaling] Cluster size autoscaling [Slow] should scale up when non expendable pod is created [Feature:ClusterSizeAutoscalingScaleUp]" classname="Kubernetes e2e suite" time="0">
          <skipped></skipped>
      </testcase>
      <testcase name="[sig-apps] DisruptionController evictions: maxUnavailable allow single eviction, percentage =&gt; should allow an eviction" classname="Kubernetes e2e suite" time="0">
          <skipped></skipped>
      </testcase>
      <testcase name="[sig-api-machinery] Servers with support for Table transformation should return generic metadata details across all namespaces for nodes" classname="Kubernetes e2e suite" time="0">
          <skipped></skipped>
      </testcase>
      <testcase name="[k8s.io] [sig-node] kubelet [k8s.io] [sig-node] host cleanup with volume mounts [sig-storage][HostCleanup][Flaky] Host cleanup after disrupting NFS volume [NFS] after stopping the nfs-server and deleting the (sleeping) client pod, the NFS mount and the pod&#39;s UID directory should be removed." classname="Kubernetes e2e suite" time="0">
          <skipped></skipped>
      </testcase>
      <testcase name="[sig-api-machinery] Etcd failure [Disruptive] should recover from SIGKILL" classname="Kubernetes e2e suite" time="0">
          <skipped></skipped>
      </testcase>
      <testcase name="[sig-storage] Downward API volume should provide container&#39;s memory request  [Conformance]" classname="Kubernetes e2e suite" time="6.340019768"></testcase>
      <testcase name="[sig-apps] Deployment RollingUpdateDeployment should delete old pods and create new ones" classname="Kubernetes e2e suite" time="0">
          <skipped></skipped>
      </testcase>
      <testcase name="[k8s.io] Variable Expansion should allow composing env vars into new env vars  [Conformance]" classname="Kubernetes e2e suite" time="6.3440111120000005"></testcase>
      <testcase name="[sig-network] Services should preserve source pod IP for traffic thru service cluster IP" classname="Kubernetes e2e suite" time="0">
          <skipped></skipped>
      </testcase>
      <testcase name="[sig-network] Networking Granular Checks: Services [Slow] should function for endpoint-Service: http" classname="Kubernetes e2e suite" time="0">
          <skipped></skipped>
      </testcase>
      <testcase name="[sig-storage] Secrets should be consumable from pods in volume with mappings and Item Mode set  [Conformance]" classname="Kubernetes e2e suite" time="6.341863639"></testcase>
      <testcase name="[sig-api-machinery] Garbage collector should orphan pods created by rc if delete options say so" classname="Kubernetes e2e suite" time="0">
          <skipped></skipped>
      </testcase>
      <testcase name="[sig-api-machinery] Servers with support for Table transformation should return pod details" classname="Kubernetes e2e suite" time="0">
          <skipped></skipped>
      </testcase>
      <testcase name="[sig-scheduling] ResourceQuota should create a ResourceQuota and capture the life of a persistent volume claim. [sig-storage]" classname="Kubernetes e2e suite" time="0">
          <skipped></skipped>
      </testcase>
      <testcase name="[sig-storage] Projected should be consumable from pods in volume with mappings and Item mode set [Conformance]" classname="Kubernetes e2e suite" time="6.381523429"></testcase>
      <testcase name="[sig-apps] StatefulSet [k8s.io] Basic StatefulSet functionality [StatefulSetBasic] should not deadlock when a pod&#39;s predecessor fails" classname="Kubernetes e2e suite" time="0">
          <skipped></skipped>
      </testcase>
      <testcase name="[sig-cli] Kubectl client [k8s.io] Kubectl label should update the label on a resource  [Conformance]" classname="Kubernetes e2e suite" time="0">
          <skipped></skipped>
      </testcase>
      <testcase name="[sig-storage] Volume Placement should create and delete pod with the same volume source on the same worker node" classname="Kubernetes e2e suite" time="0">
          <skipped></skipped>
      </testcase>
      <testcase name="[sig-scheduling] SchedulerPredicates [Serial] validates that NodeSelector is respected if not matching  [Conformance]" classname="Kubernetes e2e suite" time="83.313442614"></testcase>
      <testcase name="[k8s.io] InitContainer should not start app containers and fail the pod if init containers fail on a RestartNever pod" classname="Kubernetes e2e suite" time="0">
          <skipped></skipped>
      </testcase>
      <testcase name="[sig-scheduling] ResourceQuota should verify ResourceQuota with best effort scope." classname="Kubernetes e2e suite" time="0">
          <skipped></skipped>
      </testcase>
      <testcase name="[sig-storage] Volumes PD should be mountable with ext3" classname="Kubernetes e2e suite" time="0">
          <skipped></skipped>
      </testcase>
      <testcase name="[sig-network] Services should be able to change the type from NodePort to ExternalName" classname="Kubernetes e2e suite" time="0">
          <skipped></skipped>
      </testcase>
      <testcase name="[sig-cli] Kubectl client [k8s.io] Kubectl run CronJob should create a CronJob" classname="Kubernetes e2e suite" time="0">
          <skipped></skipped>
      </testcase>
      <testcase name="[sig-autoscaling] Cluster size autoscaling [Slow] should be able to scale down when rescheduling a pod is required and pdb allows for it[Feature:ClusterSizeAutoscalingScaleDown]" classname="Kubernetes e2e suite" time="0">
          <skipped></skipped>
      </testcase>
      <testcase name="[sig-api-machinery] Garbage collector should not delete dependents that have both valid owner and owner that&#39;s waiting for dependents to be deleted" classname="Kubernetes e2e suite" time="0">
          <skipped></skipped>
      </testcase>
      <testcase name="[sig-network] Services should create endpoints for unready pods" classname="Kubernetes e2e suite" time="0">
          <skipped></skipped>
      </testcase>
      <testcase name="[sig-apps] ReplicaSet should adopt matching pods on creation and release no longer matching pods" classname="Kubernetes e2e suite" time="0">
          <skipped></skipped>
      </testcase>
      <testcase name="[k8s.io] LimitRange should create a LimitRange with default ephemeral storage and ensure pod has the default applied." classname="Kubernetes e2e suite" time="0">
          <skipped></skipped>
      </testcase>
      <testcase name="[sig-storage] PersistentVolumes:vsphere should test that deleting the PV before the pod does not cause pod deletion to fail on vspehre volume detach" classname="Kubernetes e2e suite" time="0">
          <skipped></skipped>
      </testcase>
      <testcase name="[sig-storage] PersistentVolumes-local [Feature:LocalPersistentVolumes] [Serial] [Volume type: tmpfs] when two pods mount a local volume one after the other should be able to write from pod1 and read from pod2" classname="Kubernetes e2e suite" time="0">
          <skipped></skipped>
      </testcase>
      <testcase name="[sig-storage] Node Poweroff [Feature:vsphere] [Slow] [Disruptive] verify volume status after node power off" classname="Kubernetes e2e suite" time="0">
          <skipped></skipped>
      </testcase>
      <testcase name="[sig-network] Networking Granular Checks: Pods should function for intra-pod communication: http  [Conformance]" classname="Kubernetes e2e suite" time="52.48929664"></testcase>
      <testcase name="[sig-api-machinery] Initializers [Feature:Initializers] don&#39;t cause replicaset controller creating extra pods if the initializer is not handled [Serial]" classname="Kubernetes e2e suite" time="0">
          <skipped></skipped>
      </testcase>
      <testcase name="[sig-autoscaling] Cluster size autoscaling [Slow] shouldn&#39;t be able to scale down when rescheduling a pod is required, but pdb doesn&#39;t allow drain[Feature:ClusterSizeAutoscalingScaleDown]" classname="Kubernetes e2e suite" time="0">
          <skipped></skipped>
      </testcase>
      <testcase name="[k8s.io] Pods should be updated  [Conformance]" classname="Kubernetes e2e suite" time="22.834018053"></testcase>
      <testcase name="[k8s.io] Downward API [Serial] [Disruptive] Downward API tests for local ephemeral storage should provide default limits.ephemeral-storage from node allocatable" classname="Kubernetes e2e suite" time="0">
          <skipped></skipped>
      </testcase>
      <testcase name="[sig-cli] Kubectl client [k8s.io] Kubectl run --rm job should create a job from an image, then delete the job  [Conformance]" classname="Kubernetes e2e suite" time="0">
          <skipped></skipped>
      </testcase>
      <testcase name="[sig-apps] Job should run a job to completion when tasks sometimes fail and are not locally restarted" classname="Kubernetes e2e suite" time="0">
          <skipped></skipped>
      </testcase>
      <testcase name="[sig-apps] Job should exceed backoffLimit" classname="Kubernetes e2e suite" time="0">
          <skipped></skipped>
      </testcase>
      <testcase name="[sig-storage] Pod Disks schedule a pod w/ RW PD(s) mounted to 1 or more containers, write to PD, verify content, delete pod, and repeat in rapid succession [Slow] using 4 containers and 1 PDs" classname="Kubernetes e2e suite" time="0">
          <skipped></skipped>
      </testcase>
      <testcase name="[sig-storage] Volume Placement should create and delete pod with the same volume source attach/detach to different worker nodes" classname="Kubernetes e2e suite" time="0">
          <skipped></skipped>
      </testcase>
      <testcase name="[sig-storage] PersistentVolumes NFS with Single PV - PVC pairs should create a non-pre-bound PV and PVC: test write access " classname="Kubernetes e2e suite" time="0">
          <skipped></skipped>
      </testcase>
      <testcase name="[sig-storage] Downward API volume should update annotations on modification  [Conformance]" classname="Kubernetes e2e suite" time="28.934897216"></testcase>
      <testcase name="[sig-scalability] Density [Feature:ManualPerformance] should allow starting 30 pods per node using {batch Job} with 0 secrets, 0 configmaps and 0 daemons" classname="Kubernetes e2e suite" time="0">
          <skipped></skipped>
      </testcase>
      <testcase name="[sig-api-machinery] Secrets should be consumable via the environment  [Conformance]" classname="Kubernetes e2e suite" time="12.443384117"></testcase>
      <testcase name="[sig-apps] CronJob should delete successful finished jobs with limit of one successful job" classname="Kubernetes e2e suite" time="0">
          <skipped></skipped>
      </testcase>
      <testcase name="[sig-api-machinery] Downward API should provide container&#39;s limits.cpu/memory and requests.cpu/memory as env vars  [Conformance]" classname="Kubernetes e2e suite" time="14.322363312"></testcase>
      <testcase name="[k8s.io] [Feature:Example] [k8s.io] Secret should create a pod that reads a secret" classname="Kubernetes e2e suite" time="0">
          <skipped></skipped>
      </testcase>
      <testcase name="[sig-network] NoSNAT [Feature:NoSNAT] [Slow] Should be able to send traffic between Pods without SNAT" classname="Kubernetes e2e suite" time="0">
          <skipped></skipped>
      </testcase>
      <testcase name="[sig-storage] Projected should set mode on item file [Conformance]" classname="Kubernetes e2e suite" time="6.283296005"></testcase>
      <testcase name="[sig-storage] PersistentVolumes NFS with multiple PVs and PVCs all in same ns should create 4 PVs and 2 PVCs: test write access [Slow]" classname="Kubernetes e2e suite" time="0">
          <skipped></skipped>
      </testcase>
      <testcase name="[sig-storage] Projected should be consumable in multiple volumes in a pod [Conformance]" classname="Kubernetes e2e suite" time="6.320402176"></testcase>
      <testcase name="[sig-storage] PersistentVolumes:vsphere should test that a vspehre volume mounted to a pod that is deleted while the kubelet is down unmounts when the kubelet returns [Disruptive]" classname="Kubernetes e2e suite" time="0">
          <skipped></skipped>
      </testcase>
      <testcase name="[sig-storage] Secrets should be consumable from pods in volume as non-root with defaultMode and fsGroup set  [Conformance]" classname="Kubernetes e2e suite" time="6.381737872"></testcase>
      <testcase name="[sig-storage] Downward API volume should provide container&#39;s memory limit  [Conformance]" classname="Kubernetes e2e suite" time="6.31590926"></testcase>
      <testcase name="[sig-scheduling] SchedulerPriorities [Serial] Pod should avoid to schedule to node that have avoidPod annotation" classname="Kubernetes e2e suite" time="0">
          <skipped></skipped>
      </testcase>
      <testcase name="[sig-api-machinery] Initializers [Feature:Initializers] should be invisible to controllers by default" classname="Kubernetes e2e suite" time="0">
          <skipped></skipped>
      </testcase>
      <testcase name="[sig-storage] PersistentVolumes [Feature:LabelSelector] [sig-storage] Selector-Label Volume Binding:vsphere should bind volume with claim for given label" classname="Kubernetes e2e suite" time="0">
          <skipped></skipped>
      </testcase>
      <testcase name="[sig-cluster-lifecycle] Reboot [Disruptive] [Feature:Reboot] each node by dropping all inbound packets for a while and ensure they function afterwards" classname="Kubernetes e2e suite" time="0">
          <skipped></skipped>
      </testcase>
      <testcase name="[sig-network] NetworkPolicy NetworkPolicy between server and client should allow egress access on one named port [Feature:NetworkPolicy]" classname="Kubernetes e2e suite" time="0">
          <skipped></skipped>
      </testcase>
      <testcase name="[k8s.io] [sig-node] kubelet [k8s.io] [sig-node] host cleanup with volume mounts [sig-storage][HostCleanup][Flaky] Host cleanup after disrupting NFS volume [NFS] after stopping the nfs-server and deleting the (active) client pod, the NFS mount and the pod&#39;s UID directory should be removed." classname="Kubernetes e2e suite" time="0">
          <skipped></skipped>
      </testcase>
      <testcase name="[k8s.io] Docker Containers should be able to override the image&#39;s default commmand (docker entrypoint)  [Conformance]" classname="Kubernetes e2e suite" time="12.275613529"></testcase>
      <testcase name="[sig-storage] Storage Policy Based Volume Provisioning [Feature:vsphere] verify VSAN storage capability with valid objectSpaceReservation and iopsLimit values is honored for dynamically provisioned pvc using storageclass" classname="Kubernetes e2e suite" time="0">
          <skipped></skipped>
      </testcase>
      <testcase name="[sig-storage] PersistentVolumes-local [Feature:LocalPersistentVolumes] [Serial] when one pod requests one prebound PVC should be able to mount volume and write from pod1" classname="Kubernetes e2e suite" time="0">
          <skipped></skipped>
      </testcase>
      <testcase name="[sig-instrumentation] Logging soak [Performance] [Slow] [Disruptive] should survive logging 1KB every 1s seconds, for a duration of 2m0s, scaling up to 1 pods per node" classname="Kubernetes e2e suite" time="0">
          <skipped></skipped>
      </testcase>
      <testcase name="[sig-network] DNS configMap nameserver should be able to change stubDomain configuration [Slow][Serial]" classname="Kubernetes e2e suite" time="0">
          <skipped></skipped>
      </testcase>
      <testcase name="[sig-apps] Daemon set [Serial] should retry creating failed daemon pods" classname="Kubernetes e2e suite" time="0">
          <skipped></skipped>
      </testcase>
      <testcase name="[sig-scheduling] ResourceQuota should create a ResourceQuota and capture the life of a configMap." classname="Kubernetes e2e suite" time="0">
          <skipped></skipped>
      </testcase>
      <testcase name="[sig-storage] Volumes iSCSI [Feature:Volumes] should be mountable" classname="Kubernetes e2e suite" time="0">
          <skipped></skipped>
      </testcase>
      <testcase name="[sig-scalability] Load capacity [Feature:ManualPerformance] should be able to handle 30 pods per node { ReplicationController} with 0 secrets, 0 configmaps and 2 daemons" classname="Kubernetes e2e suite" time="0">
          <skipped></skipped>
      </testcase>
      <testcase name="[sig-network] ClusterDns [Feature:Example] should create pod that uses dns" classname="Kubernetes e2e suite" time="0">
          <skipped></skipped>
      </testcase>
      <testcase name="[sig-auth] PodSecurityPolicy should enforce the restricted PodSecurityPolicy" classname="Kubernetes e2e suite" time="0">
          <skipped></skipped>
      </testcase>
      <testcase name="[sig-apps] ReplicationController should serve a basic image on each replica with a public image  [Conformance]" classname="Kubernetes e2e suite" time="18.256841654"></testcase>
      <testcase name="[sig-storage] EmptyDir volumes when FSGroup is specified [Feature:FSGroup] volume on default medium should have the correct mode using FSGroup" classname="Kubernetes e2e suite" time="0">
          <skipped></skipped>
      </testcase>
      <testcase name="[sig-storage] Volume Placement should create and delete pod with multiple volumes from same datastore" classname="Kubernetes e2e suite" time="0">
          <skipped></skipped>
      </testcase>
      <testcase name="[k8s.io] EquivalenceCache [Serial] validates pod affinity works properly when new replica pod is scheduled" classname="Kubernetes e2e suite" time="0">
          <skipped></skipped>
      </testcase>
      <testcase name="[k8s.io] [sig-node] Kubelet [Serial] [Slow] [k8s.io] [sig-node] regular resource usage tracking resource tracking for 100 pods per node" classname="Kubernetes e2e suite" time="0">
          <skipped></skipped>
      </testcase>
      <testcase name="[sig-cli] Kubectl client [k8s.io] Simple pod should support port-forward" classname="Kubernetes e2e suite" time="0">
          <skipped></skipped>
      </testcase>
      <testcase name="[k8s.io] Variable Expansion should allow substituting values in a container&#39;s args  [Conformance]" classname="Kubernetes e2e suite" time="12.266114707"></testcase>
      <testcase name="[sig-storage] EmptyDir volumes should support (root,0777,default) [Conformance]" classname="Kubernetes e2e suite" time="6.429946521"></testcase>
      <testcase name="[sig-scalability] Density [Feature:ManualPerformance] should allow starting 30 pods per node using {extensions Deployment} with 0 secrets, 2 configmaps and 0 daemons" classname="Kubernetes e2e suite" time="0">
          <skipped></skipped>
      </testcase>
      <testcase name="[sig-apps] Network Partition [Disruptive] [Slow] [k8s.io] [ReplicationController] should eagerly create replacement pod during network partition when termination grace is non-zero" classname="Kubernetes e2e suite" time="0">
          <skipped></skipped>
      </testcase>
      <testcase name="[sig-cli] Kubectl Port forwarding [k8s.io] With a server listening on localhost should support forwarding over websockets" classname="Kubernetes e2e suite" time="0">
          <skipped></skipped>
      </testcase>
      <testcase name="[sig-scheduling] ResourceQuota should create a ResourceQuota and ensure its status is promptly calculated." classname="Kubernetes e2e suite" time="0">
          <skipped></skipped>
      </testcase>
      <testcase name="[sig-storage] PersistentVolumes-local [Feature:LocalPersistentVolumes] [Serial] [Volume type: dir] when two pods mount a local volume one after the other should be able to write from pod1 and read from pod2" classname="Kubernetes e2e suite" time="0">
          <skipped></skipped>
      </testcase>
      <testcase name="[sig-storage] PersistentVolumes-local [Feature:LocalPersistentVolumes] [Serial] when using local volume provisioner should create and recreate local persistent volume" classname="Kubernetes e2e suite" time="0">
          <skipped></skipped>
      </testcase>
      <testcase name="[sig-storage] Volume Attach Verify [Feature:vsphere][Serial][Disruptive] verify volume remains attached after master kubelet restart" classname="Kubernetes e2e suite" time="0">
          <skipped></skipped>
      </testcase>
      <testcase name="[sig-storage] EmptyDir wrapper volumes should not cause race condition when used for git_repo [Serial] [Slow]" classname="Kubernetes e2e suite" time="0">
          <skipped></skipped>
      </testcase>
      <testcase name="[sig-storage] ConfigMap should be consumable from pods in volume as non-root  [Conformance]" classname="Kubernetes e2e suite" time="6.484105397"></testcase>
      <testcase name="[sig-multicluster] Multi-AZ Clusters should spread the pods of a service across zones" classname="Kubernetes e2e suite" time="0">
          <skipped></skipped>
      </testcase>
      <testcase name="[sig-storage] PersistentVolumes-local [Feature:LocalPersistentVolumes] [Serial] [Volume type: tmpfs] when pod&#39;s node is different from PV&#39;s NodeAffinity should not be able to mount due to different NodeAffinity" classname="Kubernetes e2e suite" time="0">
          <skipped></skipped>
      </testcase>
      <testcase name="[k8s.io] Cluster size autoscaler scalability [Slow] shouldn&#39;t scale down with underutilized nodes due to host port conflicts [Feature:ClusterAutoscalerScalability5]" classname="Kubernetes e2e suite" time="0">
          <skipped></skipped>
      </testcase>
      <testcase name="[sig-network] Networking should provide Internet connection for containers [Feature:Networking-IPv6][Experimental]" classname="Kubernetes e2e suite" time="0">
          <skipped></skipped>
      </testcase>
      <testcase name="[sig-auth] ServiceAccounts should mount an API token into pods  [Conformance]" classname="Kubernetes e2e suite" time="19.007904589"></testcase>
      <testcase name="[sig-network] Proxy version v1 should proxy logs on node with explicit kubelet port using proxy subresource  [Conformance]" classname="Kubernetes e2e suite" time="6.293011601"></testcase>
      <testcase name="[sig-network] DNS should provide DNS for the cluster  [Conformance]" classname="Kubernetes e2e suite" time="696.722594115">
          <failure type="Failure">/go/src/k8s.io/kubernetes/_output/dockerized/go/src/k8s.io/kubernetes/test/e2e/framework/framework.go:648&#xA;Expected error:&#xA;    &lt;*errors.errorString | 0xc420296f00&gt;: {&#xA;        s: &#34;timed out waiting for the condition&#34;,&#xA;    }&#xA;    timed out waiting for the condition&#xA;not to have occurred&#xA;/go/src/k8s.io/kubernetes/_output/dockerized/go/src/k8s.io/kubernetes/test/e2e/network/dns.go:170</failure>
          <system-out>[BeforeEach] [sig-network] DNS&#xA;  /go/src/k8s.io/kubernetes/_output/dockerized/go/src/k8s.io/kubernetes/test/e2e/framework/framework.go:134&#xA;STEP: Creating a kubernetes client&#xA;Feb 23 09:40:11.716: INFO: &gt;&gt;&gt; kubeConfig: /tmp/kubeconfig-645151644&#xA;STEP: Building a namespace api object&#xA;STEP: Waiting for a default service account to be provisioned in namespace&#xA;[It] should provide DNS for the cluster  [Conformance]&#xA;  /go/src/k8s.io/kubernetes/_output/dockerized/go/src/k8s.io/kubernetes/test/e2e/framework/framework.go:648&#xA;STEP: Running these commands on wheezy: for i in `seq 1 600`; do test -n &#34;$$(dig +notcp +noall +answer +search kubernetes.default A)&#34; &amp;&amp; echo OK &gt; /results/wheezy_udp@kubernetes.default;test -n &#34;$$(dig +tcp +noall +answer +search kubernetes.default A)&#34; &amp;&amp; echo OK &gt; /results/wheezy_tcp@kubernetes.default;test -n &#34;$$(dig +notcp +noall +answer +search kubernetes.default.svc A)&#34; &amp;&amp; echo OK &gt; /results/wheezy_udp@kubernetes.default.svc;test -n &#34;$$(dig +tcp +noall +answer +search kubernetes.default.svc A)&#34; &amp;&amp; echo OK &gt; /results/wheezy_tcp@kubernetes.default.svc;test -n &#34;$$(dig +notcp +noall +answer +search kubernetes.default.svc.cluster.local A)&#34; &amp;&amp; echo OK &gt; /results/wheezy_udp@kubernetes.default.svc.cluster.local;test -n &#34;$$(dig +tcp +noall +answer +search kubernetes.default.svc.cluster.local A)&#34; &amp;&amp; echo OK &gt; /results/wheezy_tcp@kubernetes.default.svc.cluster.local;test -n &#34;$$(getent hosts dns-querier-1.dns-test-service.e2e-tests-dns-99p6d.svc.cluster.local)&#34; &amp;&amp; echo OK &gt; /results/wheezy_hosts@dns-querier-1.dns-test-service.e2e-tests-dns-99p6d.svc.cluster.local;test -n &#34;$$(getent hosts dns-querier-1)&#34; &amp;&amp; echo OK &gt; /results/wheezy_hosts@dns-querier-1;podARec=$$(hostname -i| awk -F. &#39;{print $$1&#34;-&#34;$$2&#34;-&#34;$$3&#34;-&#34;$$4&#34;.e2e-tests-dns-99p6d.pod.cluster.local&#34;}&#39;);test -n &#34;$$(dig +notcp +noall +answer +search $${podARec} A)&#34; &amp;&amp; echo OK &gt; /results/wheezy_udp@PodARecord;test -n &#34;$$(dig +tcp +noall +answer +search $${podARec} A)&#34; &amp;&amp; echo OK &gt; /results/wheezy_tcp@PodARecord;sleep 1; done&#xA;&#xA;STEP: Running these commands on jessie: for i in `seq 1 600`; do test -n &#34;$$(dig +notcp +noall +answer +search kubernetes.default A)&#34; &amp;&amp; echo OK &gt; /results/jessie_udp@kubernetes.default;test -n &#34;$$(dig +tcp +noall +answer +search kubernetes.default A)&#34; &amp;&amp; echo OK &gt; /results/jessie_tcp@kubernetes.default;test -n &#34;$$(dig +notcp +noall +answer +search kubernetes.default.svc A)&#34; &amp;&amp; echo OK &gt; /results/jessie_udp@kubernetes.default.svc;test -n &#34;$$(dig +tcp +noall +answer +search kubernetes.default.svc A)&#34; &amp;&amp; echo OK &gt; /results/jessie_tcp@kubernetes.default.svc;test -n &#34;$$(dig +notcp +noall +answer +search kubernetes.default.svc.cluster.local A)&#34; &amp;&amp; echo OK &gt; /results/jessie_udp@kubernetes.default.svc.cluster.local;test -n &#34;$$(dig +tcp +noall +answer +search kubernetes.default.svc.cluster.local A)&#34; &amp;&amp; echo OK &gt; /results/jessie_tcp@kubernetes.default.svc.cluster.local;test -n &#34;$$(getent hosts dns-querier-1.dns-test-service.e2e-tests-dns-99p6d.svc.cluster.local)&#34; &amp;&amp; echo OK &gt; /results/jessie_hosts@dns-querier-1.dns-test-service.e2e-tests-dns-99p6d.svc.cluster.local;test -n &#34;$$(getent hosts dns-querier-1)&#34; &amp;&amp; echo OK &gt; /results/jessie_hosts@dns-querier-1;podARec=$$(hostname -i| awk -F. &#39;{print $$1&#34;-&#34;$$2&#34;-&#34;$$3&#34;-&#34;$$4&#34;.e2e-tests-dns-99p6d.pod.cluster.local&#34;}&#39;);test -n &#34;$$(dig +notcp +noall +answer +search $${podARec} A)&#34; &amp;&amp; echo OK &gt; /results/jessie_udp@PodARecord;test -n &#34;$$(dig +tcp +noall +answer +search $${podARec} A)&#34; &amp;&amp; echo OK &gt; /results/jessie_tcp@PodARecord;sleep 1; done&#xA;&#xA;STEP: creating a pod to probe DNS&#xA;STEP: submitting the pod to kubernetes&#xA;STEP: retrieving the pod&#xA;STEP: looking for the results for each expected name from probers&#xA;Feb 23 09:41:51.866: INFO: Unable to read wheezy_hosts@dns-querier-1.dns-test-service.e2e-tests-dns-99p6d.svc.cluster.local from pod dns-test-8b1513f5-187d-11e8-83a1-0242ac1c2c4a: the server could not find the requested resource (get pods dns-test-8b1513f5-187d-11e8-83a1-0242ac1c2c4a)&#xA;Feb 23 09:41:51.883: INFO: Unable to read jessie_hosts@dns-querier-1.dns-test-service.e2e-tests-dns-99p6d.svc.cluster.local from pod dns-test-8b1513f5-187d-11e8-83a1-0242ac1c2c4a: the server could not find the requested resource (get pods dns-test-8b1513f5-187d-11e8-83a1-0242ac1c2c4a)&#xA;Feb 23 09:41:51.888: INFO: Lookups using dns-test-8b1513f5-187d-11e8-83a1-0242ac1c2c4a failed for: [wheezy_hosts@dns-querier-1.dns-test-service.e2e-tests-dns-99p6d.svc.cluster.local jessie_hosts@dns-querier-1.dns-test-service.e2e-tests-dns-99p6d.svc.cluster.local]&#xA;&#xA;Feb 23 09:42:01.865: INFO: Unable to read wheezy_hosts@dns-querier-1.dns-test-service.e2e-tests-dns-99p6d.svc.cluster.local from pod dns-test-8b1513f5-187d-11e8-83a1-0242ac1c2c4a: the server could not find the requested resource (get pods dns-test-8b1513f5-187d-11e8-83a1-0242ac1c2c4a)&#xA;Feb 23 09:42:01.882: INFO: Unable to read jessie_hosts@dns-querier-1.dns-test-service.e2e-tests-dns-99p6d.svc.cluster.local from pod dns-test-8b1513f5-187d-11e8-83a1-0242ac1c2c4a: the server could not find the requested resource (get pods dns-test-8b1513f5-187d-11e8-83a1-0242ac1c2c4a)&#xA;Feb 23 09:42:01.887: INFO: Lookups using dns-test-8b1513f5-187d-11e8-83a1-0242ac1c2c4a failed for: [wheezy_hosts@dns-querier-1.dns-test-service.e2e-tests-dns-99p6d.svc.cluster.local jessie_hosts@dns-querier-1.dns-test-service.e2e-tests-dns-99p6d.svc.cluster.local]&#xA;&#xA;Feb 23 09:42:11.865: INFO: Unable to read wheezy_hosts@dns-querier-1.dns-test-service.e2e-tests-dns-99p6d.svc.cluster.local from pod dns-test-8b1513f5-187d-11e8-83a1-0242ac1c2c4a: the server could not find the requested resource (get pods dns-test-8b1513f5-187d-11e8-83a1-0242ac1c2c4a)&#xA;Feb 23 09:42:11.882: INFO: Unable to read jessie_hosts@dns-querier-1.dns-test-service.e2e-tests-dns-99p6d.svc.cluster.local from pod dns-test-8b1513f5-187d-11e8-83a1-0242ac1c2c4a: the server could not find the requested resource (get pods dns-test-8b1513f5-187d-11e8-83a1-0242ac1c2c4a)&#xA;Feb 23 09:42:11.887: INFO: Lookups using dns-test-8b1513f5-187d-11e8-83a1-0242ac1c2c4a failed for: [wheezy_hosts@dns-querier-1.dns-test-service.e2e-tests-dns-99p6d.svc.cluster.local jessie_hosts@dns-querier-1.dns-test-service.e2e-tests-dns-99p6d.svc.cluster.local]&#xA;&#xA;Feb 23 09:42:21.865: INFO: Unable to read wheezy_hosts@dns-querier-1.dns-test-service.e2e-tests-dns-99p6d.svc.cluster.local from pod dns-test-8b1513f5-187d-11e8-83a1-0242ac1c2c4a: the server could not find the requested resource (get pods dns-test-8b1513f5-187d-11e8-83a1-0242ac1c2c4a)&#xA;Feb 23 09:42:21.882: INFO: Unable to read jessie_hosts@dns-querier-1.dns-test-service.e2e-tests-dns-99p6d.svc.cluster.local from pod dns-test-8b1513f5-187d-11e8-83a1-0242ac1c2c4a: the server could not find the requested resource (get pods dns-test-8b1513f5-187d-11e8-83a1-0242ac1c2c4a)&#xA;Feb 23 09:42:21.888: INFO: Lookups using dns-test-8b1513f5-187d-11e8-83a1-0242ac1c2c4a failed for: [wheezy_hosts@dns-querier-1.dns-test-service.e2e-tests-dns-99p6d.svc.cluster.local jessie_hosts@dns-querier-1.dns-test-service.e2e-tests-dns-99p6d.svc.cluster.local]&#xA;&#xA;Feb 23 09:42:31.866: INFO: Unable to read wheezy_hosts@dns-querier-1.dns-test-service.e2e-tests-dns-99p6d.svc.cluster.local from pod dns-test-8b1513f5-187d-11e8-83a1-0242ac1c2c4a: the server could not find the requested resource (get pods dns-test-8b1513f5-187d-11e8-83a1-0242ac1c2c4a)&#xA;Feb 23 09:42:31.883: INFO: Unable to read jessie_hosts@dns-querier-1.dns-test-service.e2e-tests-dns-99p6d.svc.cluster.local from pod dns-test-8b1513f5-187d-11e8-83a1-0242ac1c2c4a: the server could not find the requested resource (get pods dns-test-8b1513f5-187d-11e8-83a1-0242ac1c2c4a)&#xA;Feb 23 09:42:31.888: INFO: Lookups using dns-test-8b1513f5-187d-11e8-83a1-0242ac1c2c4a failed for: [wheezy_hosts@dns-querier-1.dns-test-service.e2e-tests-dns-99p6d.svc.cluster.local jessie_hosts@dns-querier-1.dns-test-service.e2e-tests-dns-99p6d.svc.cluster.local]&#xA;&#xA;Feb 23 09:42:41.865: INFO: Unable to read wheezy_hosts@dns-querier-1.dns-test-service.e2e-tests-dns-99p6d.svc.cluster.local from pod dns-test-8b1513f5-187d-11e8-83a1-0242ac1c2c4a: the server could not find the requested resource (get pods dns-test-8b1513f5-187d-11e8-83a1-0242ac1c2c4a)&#xA;Feb 23 09:42:41.883: INFO: Unable to read jessie_hosts@dns-querier-1.dns-test-service.e2e-tests-dns-99p6d.svc.cluster.local from pod dns-test-8b1513f5-187d-11e8-83a1-0242ac1c2c4a: the server could not find the requested resource (get pods dns-test-8b1513f5-187d-11e8-83a1-0242ac1c2c4a)&#xA;Feb 23 09:42:41.888: INFO: Lookups using dns-test-8b1513f5-187d-11e8-83a1-0242ac1c2c4a failed for: [wheezy_hosts@dns-querier-1.dns-test-service.e2e-tests-dns-99p6d.svc.cluster.local jessie_hosts@dns-querier-1.dns-test-service.e2e-tests-dns-99p6d.svc.cluster.local]&#xA;&#xA;Feb 23 09:42:51.866: INFO: Unable to read wheezy_hosts@dns-querier-1.dns-test-service.e2e-tests-dns-99p6d.svc.cluster.local from pod dns-test-8b1513f5-187d-11e8-83a1-0242ac1c2c4a: the server could not find the requested resource (get pods dns-test-8b1513f5-187d-11e8-83a1-0242ac1c2c4a)&#xA;Feb 23 09:42:51.883: INFO: Unable to read jessie_hosts@dns-querier-1.dns-test-service.e2e-tests-dns-99p6d.svc.cluster.local from pod dns-test-8b1513f5-187d-11e8-83a1-0242ac1c2c4a: the server could not find the requested resource (get pods dns-test-8b1513f5-187d-11e8-83a1-0242ac1c2c4a)&#xA;Feb 23 09:42:51.888: INFO: Lookups using dns-test-8b1513f5-187d-11e8-83a1-0242ac1c2c4a failed for: [wheezy_hosts@dns-querier-1.dns-test-service.e2e-tests-dns-99p6d.svc.cluster.local jessie_hosts@dns-querier-1.dns-test-service.e2e-tests-dns-99p6d.svc.cluster.local]&#xA;&#xA;Feb 23 09:43:01.896: INFO: Unable to read wheezy_hosts@dns-querier-1.dns-test-service.e2e-tests-dns-99p6d.svc.cluster.local from pod dns-test-8b1513f5-187d-11e8-83a1-0242ac1c2c4a: the server could not find the requested resource (get pods dns-test-8b1513f5-187d-11e8-83a1-0242ac1c2c4a)&#xA;Feb 23 09:43:01.917: INFO: Unable to read jessie_hosts@dns-querier-1.dns-test-service.e2e-tests-dns-99p6d.svc.cluster.local from pod dns-test-8b1513f5-187d-11e8-83a1-0242ac1c2c4a: the server could not find the requested resource (get pods dns-test-8b1513f5-187d-11e8-83a1-0242ac1c2c4a)&#xA;Feb 23 09:43:01.924: INFO: Lookups using dns-test-8b1513f5-187d-11e8-83a1-0242ac1c2c4a failed for: [wheezy_hosts@dns-querier-1.dns-test-service.e2e-tests-dns-99p6d.svc.cluster.local jessie_hosts@dns-querier-1.dns-test-service.e2e-tests-dns-99p6d.svc.cluster.local]&#xA;&#xA;Feb 23 09:43:11.866: INFO: Unable to read wheezy_hosts@dns-querier-1.dns-test-service.e2e-tests-dns-99p6d.svc.cluster.local from pod dns-test-8b1513f5-187d-11e8-83a1-0242ac1c2c4a: the server could not find the requested resource (get pods dns-test-8b1513f5-187d-11e8-83a1-0242ac1c2c4a)&#xA;Feb 23 09:43:11.907: INFO: Unable to read jessie_hosts@dns-querier-1.dns-test-service.e2e-tests-dns-99p6d.svc.cluster.local from pod dns-test-8b1513f5-187d-11e8-83a1-0242ac1c2c4a: the server could not find the requested resource (get pods dns-test-8b1513f5-187d-11e8-83a1-0242ac1c2c4a)&#xA;Feb 23 09:43:11.915: INFO: Lookups using dns-test-8b1513f5-187d-11e8-83a1-0242ac1c2c4a failed for: [wheezy_hosts@dns-querier-1.dns-test-service.e2e-tests-dns-99p6d.svc.cluster.local jessie_hosts@dns-querier-1.dns-test-service.e2e-tests-dns-99p6d.svc.cluster.local]&#xA;&#xA;Feb 23 09:43:21.867: INFO: Unable to read wheezy_hosts@dns-querier-1.dns-test-service.e2e-tests-dns-99p6d.svc.cluster.local from pod dns-test-8b1513f5-187d-11e8-83a1-0242ac1c2c4a: the server could not find the requested resource (get pods dns-test-8b1513f5-187d-11e8-83a1-0242ac1c2c4a)&#xA;Feb 23 09:43:21.884: INFO: Unable to read jessie_hosts@dns-querier-1.dns-test-service.e2e-tests-dns-99p6d.svc.cluster.local from pod dns-test-8b1513f5-187d-11e8-83a1-0242ac1c2c4a: the server could not find the requested resource (get pods dns-test-8b1513f5-187d-11e8-83a1-0242ac1c2c4a)&#xA;Feb 23 09:43:21.890: INFO: Lookups using dns-test-8b1513f5-187d-11e8-83a1-0242ac1c2c4a failed for: [wheezy_hosts@dns-querier-1.dns-test-service.e2e-tests-dns-99p6d.svc.cluster.local jessie_hosts@dns-querier-1.dns-test-service.e2e-tests-dns-99p6d.svc.cluster.local]&#xA;&#xA;Feb 23 09:43:31.867: INFO: Unable to read wheezy_hosts@dns-querier-1.dns-test-service.e2e-tests-dns-99p6d.svc.cluster.local from pod dns-test-8b1513f5-187d-11e8-83a1-0242ac1c2c4a: the server could not find the requested resource (get pods dns-test-8b1513f5-187d-11e8-83a1-0242ac1c2c4a)&#xA;Feb 23 09:43:31.885: INFO: Unable to read jessie_hosts@dns-querier-1.dns-test-service.e2e-tests-dns-99p6d.svc.cluster.local from pod dns-test-8b1513f5-187d-11e8-83a1-0242ac1c2c4a: the server could not find the requested resource (get pods dns-test-8b1513f5-187d-11e8-83a1-0242ac1c2c4a)&#xA;Feb 23 09:43:31.890: INFO: Lookups using dns-test-8b1513f5-187d-11e8-83a1-0242ac1c2c4a failed for: [wheezy_hosts@dns-querier-1.dns-test-service.e2e-tests-dns-99p6d.svc.cluster.local jessie_hosts@dns-querier-1.dns-test-service.e2e-tests-dns-99p6d.svc.cluster.local]&#xA;&#xA;Feb 23 09:43:41.869: INFO: Unable to read wheezy_hosts@dns-querier-1.dns-test-service.e2e-tests-dns-99p6d.svc.cluster.local from pod dns-test-8b1513f5-187d-11e8-83a1-0242ac1c2c4a: the server could not find the requested resource (get pods dns-test-8b1513f5-187d-11e8-83a1-0242ac1c2c4a)&#xA;Feb 23 09:43:41.886: INFO: Unable to read jessie_hosts@dns-querier-1.dns-test-service.e2e-tests-dns-99p6d.svc.cluster.local from pod dns-test-8b1513f5-187d-11e8-83a1-0242ac1c2c4a: the server could not find the requested resource (get pods dns-test-8b1513f5-187d-11e8-83a1-0242ac1c2c4a)&#xA;Feb 23 09:43:41.891: INFO: Lookups using dns-test-8b1513f5-187d-11e8-83a1-0242ac1c2c4a failed for: [wheezy_hosts@dns-querier-1.dns-test-service.e2e-tests-dns-99p6d.svc.cluster.local jessie_hosts@dns-querier-1.dns-test-service.e2e-tests-dns-99p6d.svc.cluster.local]&#xA;&#xA;Feb 23 09:43:51.865: INFO: Unable to read wheezy_hosts@dns-querier-1.dns-test-service.e2e-tests-dns-99p6d.svc.cluster.local from pod dns-test-8b1513f5-187d-11e8-83a1-0242ac1c2c4a: the server could not find the requested resource (get pods dns-test-8b1513f5-187d-11e8-83a1-0242ac1c2c4a)&#xA;Feb 23 09:43:51.882: INFO: Unable to read jessie_hosts@dns-querier-1.dns-test-service.e2e-tests-dns-99p6d.svc.cluster.local from pod dns-test-8b1513f5-187d-11e8-83a1-0242ac1c2c4a: the server could not find the requested resource (get pods dns-test-8b1513f5-187d-11e8-83a1-0242ac1c2c4a)&#xA;Feb 23 09:43:51.888: INFO: Lookups using dns-test-8b1513f5-187d-11e8-83a1-0242ac1c2c4a failed for: [wheezy_hosts@dns-querier-1.dns-test-service.e2e-tests-dns-99p6d.svc.cluster.local jessie_hosts@dns-querier-1.dns-test-service.e2e-tests-dns-99p6d.svc.cluster.local]&#xA;&#xA;Feb 23 09:44:01.866: INFO: Unable to read wheezy_hosts@dns-querier-1.dns-test-service.e2e-tests-dns-99p6d.svc.cluster.local from pod dns-test-8b1513f5-187d-11e8-83a1-0242ac1c2c4a: the server could not find the requested resource (get pods dns-test-8b1513f5-187d-11e8-83a1-0242ac1c2c4a)&#xA;Feb 23 09:44:01.883: INFO: Unable to read jessie_hosts@dns-querier-1.dns-test-service.e2e-tests-dns-99p6d.svc.cluster.local from pod dns-test-8b1513f5-187d-11e8-83a1-0242ac1c2c4a: the server could not find the requested resource (get pods dns-test-8b1513f5-187d-11e8-83a1-0242ac1c2c4a)&#xA;Feb 23 09:44:01.888: INFO: Lookups using dns-test-8b1513f5-187d-11e8-83a1-0242ac1c2c4a failed for: [wheezy_hosts@dns-querier-1.dns-test-service.e2e-tests-dns-99p6d.svc.cluster.local jessie_hosts@dns-querier-1.dns-test-service.e2e-tests-dns-99p6d.svc.cluster.local]&#xA;&#xA;Feb 23 09:44:11.867: INFO: Unable to read wheezy_hosts@dns-querier-1.dns-test-service.e2e-tests-dns-99p6d.svc.cluster.local from pod dns-test-8b1513f5-187d-11e8-83a1-0242ac1c2c4a: the server could not find the requested resource (get pods dns-test-8b1513f5-187d-11e8-83a1-0242ac1c2c4a)&#xA;Feb 23 09:44:11.885: INFO: Unable to read jessie_hosts@dns-querier-1.dns-test-service.e2e-tests-dns-99p6d.svc.cluster.local from pod dns-test-8b1513f5-187d-11e8-83a1-0242ac1c2c4a: the server could not find the requested resource (get pods dns-test-8b1513f5-187d-11e8-83a1-0242ac1c2c4a)&#xA;Feb 23 09:44:11.890: INFO: Lookups using dns-test-8b1513f5-187d-11e8-83a1-0242ac1c2c4a failed for: [wheezy_hosts@dns-querier-1.dns-test-service.e2e-tests-dns-99p6d.svc.cluster.local jessie_hosts@dns-querier-1.dns-test-service.e2e-tests-dns-99p6d.svc.cluster.local]&#xA;&#xA;Feb 23 09:44:21.867: INFO: Unable to read wheezy_hosts@dns-querier-1.dns-test-service.e2e-tests-dns-99p6d.svc.cluster.local from pod dns-test-8b1513f5-187d-11e8-83a1-0242ac1c2c4a: the server could not find the requested resource (get pods dns-test-8b1513f5-187d-11e8-83a1-0242ac1c2c4a)&#xA;Feb 23 09:44:21.885: INFO: Unable to read jessie_hosts@dns-querier-1.dns-test-service.e2e-tests-dns-99p6d.svc.cluster.local from pod dns-test-8b1513f5-187d-11e8-83a1-0242ac1c2c4a: the server could not find the requested resource (get pods dns-test-8b1513f5-187d-11e8-83a1-0242ac1c2c4a)&#xA;Feb 23 09:44:21.890: INFO: Lookups using dns-test-8b1513f5-187d-11e8-83a1-0242ac1c2c4a failed for: [wheezy_hosts@dns-querier-1.dns-test-service.e2e-tests-dns-99p6d.svc.cluster.local jessie_hosts@dns-querier-1.dns-test-service.e2e-tests-dns-99p6d.svc.cluster.local]&#xA;&#xA;Feb 23 09:44:31.866: INFO: Unable to read wheezy_hosts@dns-querier-1.dns-test-service.e2e-tests-dns-99p6d.svc.cluster.local from pod dns-test-8b1513f5-187d-11e8-83a1-0242ac1c2c4a: the server could not find the requested resource (get pods dns-test-8b1513f5-187d-11e8-83a1-0242ac1c2c4a)&#xA;Feb 23 09:44:31.884: INFO: Unable to read jessie_hosts@dns-querier-1.dns-test-service.e2e-tests-dns-99p6d.svc.cluster.local from pod dns-test-8b1513f5-187d-11e8-83a1-0242ac1c2c4a: the server could not find the requested resource (get pods dns-test-8b1513f5-187d-11e8-83a1-0242ac1c2c4a)&#xA;Feb 23 09:44:31.889: INFO: Lookups using dns-test-8b1513f5-187d-11e8-83a1-0242ac1c2c4a failed for: [wheezy_hosts@dns-querier-1.dns-test-service.e2e-tests-dns-99p6d.svc.cluster.local jessie_hosts@dns-querier-1.dns-test-service.e2e-tests-dns-99p6d.svc.cluster.local]&#xA;&#xA;Feb 23 09:44:41.866: INFO: Unable to read wheezy_hosts@dns-querier-1.dns-test-service.e2e-tests-dns-99p6d.svc.cluster.local from pod dns-test-8b1513f5-187d-11e8-83a1-0242ac1c2c4a: the server could not find the requested resource (get pods dns-test-8b1513f5-187d-11e8-83a1-0242ac1c2c4a)&#xA;Feb 23 09:44:41.883: INFO: Unable to read jessie_hosts@dns-querier-1.dns-test-service.e2e-tests-dns-99p6d.svc.cluster.local from pod dns-test-8b1513f5-187d-11e8-83a1-0242ac1c2c4a: the server could not find the requested resource (get pods dns-test-8b1513f5-187d-11e8-83a1-0242ac1c2c4a)&#xA;Feb 23 09:44:41.888: INFO: Lookups using dns-test-8b1513f5-187d-11e8-83a1-0242ac1c2c4a failed for: [wheezy_hosts@dns-querier-1.dns-test-service.e2e-tests-dns-99p6d.svc.cluster.local jessie_hosts@dns-querier-1.dns-test-service.e2e-tests-dns-99p6d.svc.cluster.local]&#xA;&#xA;Feb 23 09:44:51.865: INFO: Unable to read wheezy_hosts@dns-querier-1.dns-test-service.e2e-tests-dns-99p6d.svc.cluster.local from pod dns-test-8b1513f5-187d-11e8-83a1-0242ac1c2c4a: the server could not find the requested resource (get pods dns-test-8b1513f5-187d-11e8-83a1-0242ac1c2c4a)&#xA;Feb 23 09:44:51.882: INFO: Unable to read jessie_hosts@dns-querier-1.dns-test-service.e2e-tests-dns-99p6d.svc.cluster.local from pod dns-test-8b1513f5-187d-11e8-83a1-0242ac1c2c4a: the server could not find the requested resource (get pods dns-test-8b1513f5-187d-11e8-83a1-0242ac1c2c4a)&#xA;Feb 23 09:44:51.888: INFO: Lookups using dns-test-8b1513f5-187d-11e8-83a1-0242ac1c2c4a failed for: [wheezy_hosts@dns-querier-1.dns-test-service.e2e-tests-dns-99p6d.svc.cluster.local jessie_hosts@dns-querier-1.dns-test-service.e2e-tests-dns-99p6d.svc.cluster.local]&#xA;&#xA;Feb 23 09:45:01.866: INFO: Unable to read wheezy_hosts@dns-querier-1.dns-test-service.e2e-tests-dns-99p6d.svc.cluster.local from pod dns-test-8b1513f5-187d-11e8-83a1-0242ac1c2c4a: the server could not find the requested resource (get pods dns-test-8b1513f5-187d-11e8-83a1-0242ac1c2c4a)&#xA;Feb 23 09:45:01.885: INFO: Unable to read jessie_hosts@dns-querier-1.dns-test-service.e2e-tests-dns-99p6d.svc.cluster.local from pod dns-test-8b1513f5-187d-11e8-83a1-0242ac1c2c4a: the server could not find the requested resource (get pods dns-test-8b1513f5-187d-11e8-83a1-0242ac1c2c4a)&#xA;Feb 23 09:45:01.890: INFO: Lookups using dns-test-8b1513f5-187d-11e8-83a1-0242ac1c2c4a failed for: [wheezy_hosts@dns-querier-1.dns-test-service.e2e-tests-dns-99p6d.svc.cluster.local jessie_hosts@dns-querier-1.dns-test-service.e2e-tests-dns-99p6d.svc.cluster.local]&#xA;&#xA;Feb 23 09:45:11.865: INFO: Unable to read wheezy_hosts@dns-querier-1.dns-test-service.e2e-tests-dns-99p6d.svc.cluster.local from pod dns-test-8b1513f5-187d-11e8-83a1-0242ac1c2c4a: the server could not find the requested resource (get pods dns-test-8b1513f5-187d-11e8-83a1-0242ac1c2c4a)&#xA;Feb 23 09:45:11.883: INFO: Unable to read jessie_hosts@dns-querier-1.dns-test-service.e2e-tests-dns-99p6d.svc.cluster.local from pod dns-test-8b1513f5-187d-11e8-83a1-0242ac1c2c4a: the server could not find the requested resource (get pods dns-test-8b1513f5-187d-11e8-83a1-0242ac1c2c4a)&#xA;Feb 23 09:45:11.888: INFO: Lookups using dns-test-8b1513f5-187d-11e8-83a1-0242ac1c2c4a failed for: [wheezy_hosts@dns-querier-1.dns-test-service.e2e-tests-dns-99p6d.svc.cluster.local jessie_hosts@dns-querier-1.dns-test-service.e2e-tests-dns-99p6d.svc.cluster.local]&#xA;&#xA;Feb 23 09:45:21.867: INFO: Unable to read wheezy_hosts@dns-querier-1.dns-test-service.e2e-tests-dns-99p6d.svc.cluster.local from pod dns-test-8b1513f5-187d-11e8-83a1-0242ac1c2c4a: the server could not find the requested resource (get pods dns-test-8b1513f5-187d-11e8-83a1-0242ac1c2c4a)&#xA;Feb 23 09:45:21.886: INFO: Unable to read jessie_hosts@dns-querier-1.dns-test-service.e2e-tests-dns-99p6d.svc.cluster.local from pod dns-test-8b1513f5-187d-11e8-83a1-0242ac1c2c4a: the server could not find the requested resource (get pods dns-test-8b1513f5-187d-11e8-83a1-0242ac1c2c4a)&#xA;Feb 23 09:45:21.891: INFO: Lookups using dns-test-8b1513f5-187d-11e8-83a1-0242ac1c2c4a failed for: [wheezy_hosts@dns-querier-1.dns-test-service.e2e-tests-dns-99p6d.svc.cluster.local jessie_hosts@dns-querier-1.dns-test-service.e2e-tests-dns-99p6d.svc.cluster.local]&#xA;&#xA;Feb 23 09:45:31.869: INFO: Unable to read wheezy_hosts@dns-querier-1.dns-test-service.e2e-tests-dns-99p6d.svc.cluster.local from pod dns-test-8b1513f5-187d-11e8-83a1-0242ac1c2c4a: the server could not find the requested resource (get pods dns-test-8b1513f5-187d-11e8-83a1-0242ac1c2c4a)&#xA;Feb 23 09:45:31.886: INFO: Unable to read jessie_hosts@dns-querier-1.dns-test-service.e2e-tests-dns-99p6d.svc.cluster.local from pod dns-test-8b1513f5-187d-11e8-83a1-0242ac1c2c4a: the server could not find the requested resource (get pods dns-test-8b1513f5-187d-11e8-83a1-0242ac1c2c4a)&#xA;Feb 23 09:45:31.916: INFO: Lookups using dns-test-8b1513f5-187d-11e8-83a1-0242ac1c2c4a failed for: [wheezy_hosts@dns-querier-1.dns-test-service.e2e-tests-dns-99p6d.svc.cluster.local jessie_hosts@dns-querier-1.dns-test-service.e2e-tests-dns-99p6d.svc.cluster.local]&#xA;&#xA;Feb 23 09:45:41.866: INFO: Unable to read wheezy_hosts@dns-querier-1.dns-test-service.e2e-tests-dns-99p6d.svc.cluster.local from pod dns-test-8b1513f5-187d-11e8-83a1-0242ac1c2c4a: the server could not find the requested resource (get pods dns-test-8b1513f5-187d-11e8-83a1-0242ac1c2c4a)&#xA;Feb 23 09:45:41.883: INFO: Unable to read jessie_hosts@dns-querier-1.dns-test-service.e2e-tests-dns-99p6d.svc.cluster.local from pod dns-test-8b1513f5-187d-11e8-83a1-0242ac1c2c4a: the server could not find the requested resource (get pods dns-test-8b1513f5-187d-11e8-83a1-0242ac1c2c4a)&#xA;Feb 23 09:45:41.888: INFO: Lookups using dns-test-8b1513f5-187d-11e8-83a1-0242ac1c2c4a failed for: [wheezy_hosts@dns-querier-1.dns-test-service.e2e-tests-dns-99p6d.svc.cluster.local jessie_hosts@dns-querier-1.dns-test-service.e2e-tests-dns-99p6d.svc.cluster.local]&#xA;&#xA;Feb 23 09:45:51.866: INFO: Unable to read wheezy_hosts@dns-querier-1.dns-test-service.e2e-tests-dns-99p6d.svc.cluster.local from pod dns-test-8b1513f5-187d-11e8-83a1-0242ac1c2c4a: the server could not find the requested resource (get pods dns-test-8b1513f5-187d-11e8-83a1-0242ac1c2c4a)&#xA;Feb 23 09:45:51.884: INFO: Unable to read jessie_hosts@dns-querier-1.dns-test-service.e2e-tests-dns-99p6d.svc.cluster.local from pod dns-test-8b1513f5-187d-11e8-83a1-0242ac1c2c4a: the server could not find the requested resource (get pods dns-test-8b1513f5-187d-11e8-83a1-0242ac1c2c4a)&#xA;Feb 23 09:45:51.889: INFO: Lookups using dns-test-8b1513f5-187d-11e8-83a1-0242ac1c2c4a failed for: [wheezy_hosts@dns-querier-1.dns-test-service.e2e-tests-dns-99p6d.svc.cluster.local jessie_hosts@dns-querier-1.dns-test-service.e2e-tests-dns-99p6d.svc.cluster.local]&#xA;&#xA;Feb 23 09:46:01.865: INFO: Unable to read wheezy_hosts@dns-querier-1.dns-test-service.e2e-tests-dns-99p6d.svc.cluster.local from pod dns-test-8b1513f5-187d-11e8-83a1-0242ac1c2c4a: the server could not find the requested resource (get pods dns-test-8b1513f5-187d-11e8-83a1-0242ac1c2c4a)&#xA;Feb 23 09:46:01.882: INFO: Unable to read jessie_hosts@dns-querier-1.dns-test-service.e2e-tests-dns-99p6d.svc.cluster.local from pod dns-test-8b1513f5-187d-11e8-83a1-0242ac1c2c4a: the server could not find the requested resource (get pods dns-test-8b1513f5-187d-11e8-83a1-0242ac1c2c4a)&#xA;Feb 23 09:46:01.887: INFO: Lookups using dns-test-8b1513f5-187d-11e8-83a1-0242ac1c2c4a failed for: [wheezy_hosts@dns-querier-1.dns-test-service.e2e-tests-dns-99p6d.svc.cluster.local jessie_hosts@dns-querier-1.dns-test-service.e2e-tests-dns-99p6d.svc.cluster.local]&#xA;&#xA;Feb 23 09:46:11.867: INFO: Unable to read wheezy_hosts@dns-querier-1.dns-test-service.e2e-tests-dns-99p6d.svc.cluster.local from pod dns-test-8b1513f5-187d-11e8-83a1-0242ac1c2c4a: the server could not find the requested resource (get pods dns-test-8b1513f5-187d-11e8-83a1-0242ac1c2c4a)&#xA;Feb 23 09:46:11.884: INFO: Unable to read jessie_hosts@dns-querier-1.dns-test-service.e2e-tests-dns-99p6d.svc.cluster.local from pod dns-test-8b1513f5-187d-11e8-83a1-0242ac1c2c4a: the server could not find the requested resource (get pods dns-test-8b1513f5-187d-11e8-83a1-0242ac1c2c4a)&#xA;Feb 23 09:46:11.890: INFO: Lookups using dns-test-8b1513f5-187d-11e8-83a1-0242ac1c2c4a failed for: [wheezy_hosts@dns-querier-1.dns-test-service.e2e-tests-dns-99p6d.svc.cluster.local jessie_hosts@dns-querier-1.dns-test-service.e2e-tests-dns-99p6d.svc.cluster.local]&#xA;&#xA;Feb 23 09:46:21.870: INFO: Unable to read wheezy_hosts@dns-querier-1.dns-test-service.e2e-tests-dns-99p6d.svc.cluster.local from pod dns-test-8b1513f5-187d-11e8-83a1-0242ac1c2c4a: the server could not find the requested resource (get pods dns-test-8b1513f5-187d-11e8-83a1-0242ac1c2c4a)&#xA;Feb 23 09:46:21.887: INFO: Unable to read jessie_hosts@dns-querier-1.dns-test-service.e2e-tests-dns-99p6d.svc.cluster.local from pod dns-test-8b1513f5-187d-11e8-83a1-0242ac1c2c4a: the server could not find the requested resource (get pods dns-test-8b1513f5-187d-11e8-83a1-0242ac1c2c4a)&#xA;Feb 23 09:46:21.892: INFO: Lookups using dns-test-8b1513f5-187d-11e8-83a1-0242ac1c2c4a failed for: [wheezy_hosts@dns-querier-1.dns-test-service.e2e-tests-dns-99p6d.svc.cluster.local jessie_hosts@dns-querier-1.dns-test-service.e2e-tests-dns-99p6d.svc.cluster.local]&#xA;&#xA;Feb 23 09:46:31.865: INFO: Unable to read wheezy_hosts@dns-querier-1.dns-test-service.e2e-tests-dns-99p6d.svc.cluster.local from pod dns-test-8b1513f5-187d-11e8-83a1-0242ac1c2c4a: the server could not find the requested resource (get pods dns-test-8b1513f5-187d-11e8-83a1-0242ac1c2c4a)&#xA;Feb 23 09:46:31.882: INFO: Unable to read jessie_hosts@dns-querier-1.dns-test-service.e2e-tests-dns-99p6d.svc.cluster.local from pod dns-test-8b1513f5-187d-11e8-83a1-0242ac1c2c4a: the server could not find the requested resource (get pods dns-test-8b1513f5-187d-11e8-83a1-0242ac1c2c4a)&#xA;Feb 23 09:46:31.888: INFO: Lookups using dns-test-8b1513f5-187d-11e8-83a1-0242ac1c2c4a failed for: [wheezy_hosts@dns-querier-1.dns-test-service.e2e-tests-dns-99p6d.svc.cluster.local jessie_hosts@dns-querier-1.dns-test-service.e2e-tests-dns-99p6d.svc.cluster.local]&#xA;&#xA;Feb 23 09:46:41.873: INFO: Unable to read wheezy_hosts@dns-querier-1.dns-test-service.e2e-tests-dns-99p6d.svc.cluster.local from pod dns-test-8b1513f5-187d-11e8-83a1-0242ac1c2c4a: the server could not find the requested resource (get pods dns-test-8b1513f5-187d-11e8-83a1-0242ac1c2c4a)&#xA;Feb 23 09:46:41.894: INFO: Unable to read jessie_hosts@dns-querier-1.dns-test-service.e2e-tests-dns-99p6d.svc.cluster.local from pod dns-test-8b1513f5-187d-11e8-83a1-0242ac1c2c4a: the server could not find the requested resource (get pods dns-test-8b1513f5-187d-11e8-83a1-0242ac1c2c4a)&#xA;Feb 23 09:46:41.899: INFO: Lookups using dns-test-8b1513f5-187d-11e8-83a1-0242ac1c2c4a failed for: [wheezy_hosts@dns-querier-1.dns-test-service.e2e-tests-dns-99p6d.svc.cluster.local jessie_hosts@dns-querier-1.dns-test-service.e2e-tests-dns-99p6d.svc.cluster.local]&#xA;&#xA;Feb 23 09:46:51.866: INFO: Unable to read wheezy_hosts@dns-querier-1.dns-test-service.e2e-tests-dns-99p6d.svc.cluster.local from pod dns-test-8b1513f5-187d-11e8-83a1-0242ac1c2c4a: the server could not find the requested resource (get pods dns-test-8b1513f5-187d-11e8-83a1-0242ac1c2c4a)&#xA;Feb 23 09:46:51.883: INFO: Unable to read jessie_hosts@dns-querier-1.dns-test-service.e2e-tests-dns-99p6d.svc.cluster.local from pod dns-test-8b1513f5-187d-11e8-83a1-0242ac1c2c4a: the server could not find the requested resource (get pods dns-test-8b1513f5-187d-11e8-83a1-0242ac1c2c4a)&#xA;Feb 23 09:46:51.888: INFO: Lookups using dns-test-8b1513f5-187d-11e8-83a1-0242ac1c2c4a failed for: [wheezy_hosts@dns-querier-1.dns-test-service.e2e-tests-dns-99p6d.svc.cluster.local jessie_hosts@dns-querier-1.dns-test-service.e2e-tests-dns-99p6d.svc.cluster.local]&#xA;&#xA;Feb 23 09:47:01.865: INFO: Unable to read wheezy_hosts@dns-querier-1.dns-test-service.e2e-tests-dns-99p6d.svc.cluster.local from pod dns-test-8b1513f5-187d-11e8-83a1-0242ac1c2c4a: the server could not find the requested resource (get pods dns-test-8b1513f5-187d-11e8-83a1-0242ac1c2c4a)&#xA;Feb 23 09:47:01.884: INFO: Unable to read jessie_hosts@dns-querier-1.dns-test-s
[...]
      </testcase>
      <testcase name="[sig-api-machinery] Garbage collector should not be blocked by dependency circle" classname="Kubernetes e2e suite" time="0">
          <skipped></skipped>
      </testcase>
      <testcase name="[sig-api-machinery] AdmissionWebhook Should mutate pod and apply defaults after mutation" classname="Kubernetes e2e suite" time="0">
          <skipped></skipped>
      </testcase>
      <testcase name="[k8s.io] [sig-node] AppArmor load AppArmor profiles can disable an AppArmor profile, using unconfined" classname="Kubernetes e2e suite" time="0">
          <skipped></skipped>
      </testcase>
      <testcase name="[sig-cli] Kubectl client [k8s.io] Proxy server should support proxy with --port 0  [Conformance]" classname="Kubernetes e2e suite" time="0">
          <skipped></skipped>
      </testcase>
      <testcase name="[sig-storage] ConfigMap should be consumable from pods in volume with mappings and Item mode set [Conformance]" classname="Kubernetes e2e suite" time="6.266393567"></testcase>
      <testcase name="[sig-scalability] Density [Feature:ManualPerformance] should allow starting 30 pods per node using {extensions Deployment} with 0 secrets, 0 configmaps and 0 daemons" classname="Kubernetes e2e suite" time="0">
          <skipped></skipped>
      </testcase>
      <testcase name="[sig-network] ESIPP [Slow] [DisabledForLargeClusters] should work from pods" classname="Kubernetes e2e suite" time="0">
          <skipped></skipped>
      </testcase>
      <testcase name="[sig-scalability] Density [Feature:Performance] should allow starting 30 pods per node using { ReplicationController} with 0 secrets, 0 configmaps and 0 daemons" classname="Kubernetes e2e suite" time="0">
          <skipped></skipped>
      </testcase>
      <testcase name="[sig-storage] EmptyDir volumes when FSGroup is specified [Feature:FSGroup] new files should be created with FSGroup ownership when container is root" classname="Kubernetes e2e suite" time="0">
          <skipped></skipped>
      </testcase>
      <testcase name="[sig-scheduling] SchedulerPredicates [Serial] validates that there exists conflict between pods with same hostPort and protocol but one using 0.0.0.0 hostIP" classname="Kubernetes e2e suite" time="0">
          <skipped></skipped>
      </testcase>
      <testcase name="[sig-storage] Volume Provisioning On Clustered Datastore [Feature:vsphere] verify dynamic provision with spbm policy on clustered datastore" classname="Kubernetes e2e suite" time="0">
          <skipped></skipped>
      </testcase>
      <testcase name="[sig-storage] Downward API volume should provide node allocatable (memory) as default memory limit if the limit is not set  [Conformance]" classname="Kubernetes e2e suite" time="6.350653586"></testcase>
      <testcase name="[sig-network] Loadbalancing: L7 GCE [Slow] [Feature:Ingress] multicluster ingress should get instance group annotation" classname="Kubernetes e2e suite" time="0">
          <skipped></skipped>
      </testcase>
      <testcase name="[sig-storage] Projected should provide podname as non-root with fsgroup [Feature:FSGroup]" classname="Kubernetes e2e suite" time="0">
          <skipped></skipped>
      </testcase>
      <testcase name="[sig-api-machinery] Garbage collector should support cascading deletion of custom resources" classname="Kubernetes e2e suite" time="0">
          <skipped></skipped>
      </testcase>
      <testcase name="[sig-storage] PersistentVolumes GCEPD should test that deleting the Namespace of a PVC and Pod causes the successful detach of Persistent Disk" classname="Kubernetes e2e suite" time="0">
          <skipped></skipped>
      </testcase>
      <testcase name="[sig-cli] Kubectl client [k8s.io] Kubectl run job should create a job from an image when restart is OnFailure  [Conformance]" classname="Kubernetes e2e suite" time="0">
          <skipped></skipped>
      </testcase>
      <testcase name="[sig-autoscaling] [HPA] Horizontal pod autoscaling (scale resource: CPU) [sig-autoscaling] [Serial] [Slow] Deployment Should scale from 5 pods to 3 pods and from 3 to 1" classname="Kubernetes e2e suite" time="0">
          <skipped></skipped>
      </testcase>
      <testcase name="[sig-apps] Job should delete a job" classname="Kubernetes e2e suite" time="0">
          <skipped></skipped>
      </testcase>
      <testcase name="[sig-instrumentation] MetricsGrabber should grab all metrics from a Kubelet." classname="Kubernetes e2e suite" time="0">
          <skipped></skipped>
      </testcase>
      <testcase name="[sig-cli] Kubectl client [k8s.io] Kubectl run rc should create an rc from an image  [Conformance]" classname="Kubernetes e2e suite" time="0">
          <skipped></skipped>
      </testcase>
      <testcase name="[sig-cluster-lifecycle] Reboot [Disruptive] [Feature:Reboot] each node by ordering unclean reboot and ensure they function upon restart" classname="Kubernetes e2e suite" time="0">
          <skipped></skipped>
      </testcase>
      <testcase name="[k8s.io] [sig-node] Kubelet [Serial] [Slow] [k8s.io] [sig-node] regular resource usage tracking resource tracking for 0 pods per node" classname="Kubernetes e2e suite" time="0">
          <skipped></skipped>
      </testcase>
      <testcase name="[sig-network] Services should check NodePort out-of-range" classname="Kubernetes e2e suite" time="0">
          <skipped></skipped>
      </testcase>
      <testcase name="[sig-storage] Pod Disks schedule pods each with a PD, delete pod and verify detach [Slow] for read-only PD with pod delete grace period of &#34;immediate (0s)&#34;" classname="Kubernetes e2e suite" time="0">
          <skipped></skipped>
      </testcase>
      <testcase name="[sig-storage] Dynamic Provisioning DynamicProvisioner External should let an external dynamic provisioner create and delete persistent volumes [Slow]" classname="Kubernetes e2e suite" time="0">
          <skipped></skipped>
      </testcase>
      <testcase name="[sig-cli] Kubectl client [k8s.io] Guestbook application should create and stop a working application  [Conformance]" classname="Kubernetes e2e suite" time="0">
          <skipped></skipped>
      </testcase>
      <testcase name="[k8s.io] [sig-node] Security Context [Feature:SecurityContext] should support seccomp default which is unconfined [Feature:Seccomp]" classname="Kubernetes e2e suite" time="0">
          <skipped></skipped>
      </testcase>
      <testcase name="[sig-network] Networking Granular Checks: Services [Slow] should function for node-Service: http" classname="Kubernetes e2e suite" time="0">
          <skipped></skipped>
      </testcase>
      <testcase name="[sig-storage] HostPath should support existing directory subPath" classname="Kubernetes e2e suite" time="0">
          <skipped></skipped>
      </testcase>
      <testcase name="[sig-cluster-lifecycle] Downgrade [Feature:Downgrade] cluster downgrade should maintain a functioning cluster [Feature:ClusterDowngrade]" classname="Kubernetes e2e suite" time="0">
          <skipped></skipped>
      </testcase>
      <testcase name="[sig-storage] Projected should be consumable from pods in volume with mappings [Conformance]" classname="Kubernetes e2e suite" time="6.373878026"></testcase>
      <testcase name="[sig-network] Networking Granular Checks: Services [Slow] should function for client IP based session affinity: udp" classname="Kubernetes e2e suite" time="0">
          <skipped></skipped>
      </testcase>
      <testcase name="[sig-network] Loadbalancing: L7 GCE [Slow] [Feature:NEG] should sync endpoints to NEG" classname="Kubernetes e2e suite" time="0">
          <skipped></skipped>
      </testcase>
      <testcase name="[sig-cli] Kubectl client [k8s.io] Proxy server should support --unix-socket=/path  [Conformance]" classname="Kubernetes e2e suite" time="0">
          <skipped></skipped>
      </testcase>
      <testcase name="[k8s.io] [Feature:Example] [k8s.io] Storm should create and stop Zookeeper, Nimbus and Storm worker servers" classname="Kubernetes e2e suite" time="0">
          <skipped></skipped>
      </testcase>
      <testcase name="[sig-storage] PersistentVolumes-local [Feature:LocalPersistentVolumes] [Serial] [Volume type: tmpfs] when pod&#39;s node is different from PV&#39;s NodeName should not be able to mount due to different NodeName" classname="Kubernetes e2e suite" time="0">
          <skipped></skipped>
      </testcase>
      <testcase name="[sig-storage] PersistentVolumes-local [Feature:LocalPersistentVolumes] [Serial] [Volume type: tmpfs] when pod using local volume with non-existant path should not be able to mount" classname="Kubernetes e2e suite" time="0">
          <skipped></skipped>
      </testcase>
      <testcase name="[sig-autoscaling] Cluster size autoscaling [Slow] Shouldn&#39;t perform scale up operation and should list unhealthy status if most of the cluster is broken[Feature:ClusterSizeAutoscalingScaleUp]" classname="Kubernetes e2e suite" time="0">
          <skipped></skipped>
      </testcase>
      <testcase name="[sig-storage] Projected should provide container&#39;s memory limit [Conformance]" classname="Kubernetes e2e suite" time="6.352926742"></testcase>
      <testcase name="[sig-storage] EmptyDir volumes should support (non-root,0666,default) [Conformance]" classname="Kubernetes e2e suite" time="6.253090167"></testcase>
      <testcase name="[sig-cluster-lifecycle] [Feature:BootstrapTokens] should delete the token secret when the secret expired" classname="Kubernetes e2e suite" time="0">
          <skipped></skipped>
      </testcase>
      <testcase name="[sig-storage] PersistentVolumes-local [Feature:LocalPersistentVolumes] [Serial] [Volume type: gce-localssd-scsi-fs] when two pods mount a local volume at the same time should be able to write from pod1 and read from pod2" classname="Kubernetes e2e suite" time="0">
          <skipped></skipped>
      </testcase>
      <testcase name="[k8s.io] GKE node pools [Feature:GKENodePool] should create a cluster with multiple node pools [Feature:GKENodePool]" classname="Kubernetes e2e suite" time="0">
          <skipped></skipped>
      </testcase>
      <testcase name="[sig-cli] Kubectl client [k8s.io] Kubectl patch should add annotations for pods in rc  [Conformance]" classname="Kubernetes e2e suite" time="0">
          <skipped></skipped>
      </testcase>
      <testcase name="[sig-network] Services should work after restarting kube-proxy [Disruptive]" classname="Kubernetes e2e suite" time="0">
          <skipped></skipped>
      </testcase>
      <testcase name="[sig-scheduling] SchedulerPriorities [Serial] Pod should be schedule to node that don&#39;t match the PodAntiAffinity terms" classname="Kubernetes e2e suite" time="0">
          <skipped></skipped>
      </testcase>
      <testcase name="[sig-apps] Daemon set [Serial] Should rollback without unnecessary restarts" classname="Kubernetes e2e suite" time="0">
          <skipped></skipped>
      </testcase>
      <testcase name="[sig-autoscaling] Cluster size autoscaling [Slow] should disable node pool autoscaling [Feature:ClusterSizeAutoscalingScaleUp]" classname="Kubernetes e2e suite" time="0">
          <skipped></skipped>
      </testcase>
      <testcase name="[sig-autoscaling] Cluster size autoscaling [Slow] should correctly scale down after a node is not needed when there is non autoscaled pool[Feature:ClusterSizeAutoscalingScaleDown]" classname="Kubernetes e2e suite" time="0">
          <skipped></skipped>
      </testcase>
      <testcase name="[sig-storage] Volume Disk Format [Feature:vsphere] verify disk format type - thin is honored for dynamically provisioned pv using storageclass" classname="Kubernetes e2e suite" time="0">
          <skipped></skipped>
      </testcase>
      <testcase name="[k8s.io] Probing container should have monotonically increasing restart count  [Slow] [Conformance]" classname="Kubernetes e2e suite" time="150.484216369"></testcase>
      <testcase name="[sig-scheduling] SchedulerPredicates [Serial] validates that NodeSelector is respected if matching  [Conformance]" classname="Kubernetes e2e suite" time="90.431603555"></testcase>
      <testcase name="[sig-instrumentation] Cluster level logging implemented by Stackdriver should ingest logs [Feature:StackdriverLogging]" classname="Kubernetes e2e suite" time="0">
          <skipped></skipped>
      </testcase>
      <testcase name="[sig-network] Services should prevent NodePort collisions" classname="Kubernetes e2e suite" time="0">
          <skipped></skipped>
      </testcase>
      <testcase name="[sig-network] DNS should provide DNS for services  [Conformance]" classname="Kubernetes e2e suite" time="128.75002498"></testcase>
      <testcase name="[sig-scalability] Density [Feature:ManualPerformance] should allow starting 30 pods per node using {extensions Deployment} with 2 secrets, 0 configmaps and 0 daemons" classname="Kubernetes e2e suite" time="0">
          <skipped></skipped>
      </testcase>
      <testcase name="[sig-network] Networking Granular Checks: Services [Slow] should update nodePort: http [Slow]" classname="Kubernetes e2e suite" time="0">
          <skipped></skipped>
      </testcase>
      <testcase name="[sig-storage] HostPath should give a volume the correct mode [Conformance]" classname="Kubernetes e2e suite" time="6.249008894"></testcase>
      <testcase name="[sig-network] ESIPP [Slow] [DisabledForLargeClusters] should work for type=NodePort" classname="Kubernetes e2e suite" time="0">
          <skipped></skipped>
      </testcase>
      <testcase name="[sig-network] Networking Granular Checks: Services [Slow] should function for pod-Service: udp" classname="Kubernetes e2e suite" time="0">
          <skipped></skipped>
      </testcase>
      <testcase name="[k8s.io] [Feature:Example] [k8s.io] Cassandra should create and scale cassandra" classname="Kubernetes e2e suite" time="0">
          <skipped></skipped>
      </testcase>
      <testcase name="[sig-api-machinery] AdmissionWebhook Should be able to deny custom resource creation" classname="Kubernetes e2e suite" time="0">
          <skipped></skipped>
      </testcase>
      <testcase name="[k8s.io] [sig-node] Mount propagation [Feature:MountPropagation] should propagate mounts to the host" classname="Kubernetes e2e suite" time="0">
          <skipped></skipped>
      </testcase>
      <testcase name="[k8s.io] Sysctls should not launch unsafe, but not explicitly enabled sysctls on the node" classname="Kubernetes e2e suite" time="0">
          <skipped></skipped>
      </testcase>
      <testcase name="[sig-apps] DisruptionController evictions: enough pods, absolute =&gt; should allow an eviction" classname="Kubernetes e2e suite" time="0">
          <skipped></skipped>
      </testcase>
      <testcase name="[sig-storage] Projected should be consumable from pods in volume as non-root with FSGroup [Feature:FSGroup]" classname="Kubernetes e2e suite" time="0">
          <skipped></skipped>
      </testcase>
      <testcase name="[sig-cli] Kubectl client [k8s.io] Kubectl taint [Serial] should remove all the taints with the same key off a node" classname="Kubernetes e2e suite" time="0">
          <skipped></skipped>
      </testcase>
      <testcase name="[sig-multicluster] Multi-AZ Clusters should spread the pods of a replication controller across zones" classname="Kubernetes e2e suite" time="0">
          <skipped></skipped>
      </testcase>
      <testcase name="[sig-storage] vcp-performance [Feature:vsphere] vcp performance tests" classname="Kubernetes e2e suite" time="0">
          <skipped></skipped>
      </testcase>
      <testcase name="[sig-storage] vsphere statefulset vsphere statefulset testing" classname="Kubernetes e2e suite" time="0">
          <skipped></skipped>
      </testcase>
      <testcase name="[sig-storage] PersistentVolumes [Feature:ReclaimPolicy] [sig-storage] persistentvolumereclaim:vsphere should delete persistent volume when reclaimPolicy set to delete and associated claim is deleted" classname="Kubernetes e2e suite" time="0">
          <skipped></skipped>
      </testcase>
      <testcase name="[sig-scalability] Load capacity [Feature:ManualPerformance] should be able to handle 30 pods per node {extensions Deployment} with 0 secrets, 0 configmaps and 0 daemons" classname="Kubernetes e2e suite" time="0">
          <skipped></skipped>
      </testcase>
      <testcase name="[sig-storage] PersistentVolumes NFS with Single PV - PVC pairs create a PVC and a pre-bound PV: test write access" classname="Kubernetes e2e suite" time="0">
          <skipped></skipped>
      </testcase>
      <testcase name="[sig-autoscaling] [HPA] Horizontal pod autoscaling (scale resource: Custom Metrics from Stackdriver) should autoscale with Custom Metrics from Stackdriver [Feature:CustomMetricsAutoscaling]" classname="Kubernetes e2e suite" time="0">
          <skipped></skipped>
      </testcase>
      <testcase name="[sig-network] Services should be able to create a functioning NodePort service" classname="Kubernetes e2e suite" time="0">
          <skipped></skipped>
      </testcase>
      <testcase name="[sig-apps] Deployment deployment should support rollback" classname="Kubernetes e2e suite" time="0">
          <skipped></skipped>
      </testcase>
      <testcase name="[sig-scheduling] SchedulerPredicates [Serial] validates that taints-tolerations is respected if matching" classname="Kubernetes e2e suite" time="0">
          <skipped></skipped>
      </testcase>
      <testcase name="[sig-autoscaling] Cluster size autoscaling [Slow] should increase cluster size if pending pods are small and there is another node pool that is not autoscaled [Feature:ClusterSizeAutoscalingScaleUp]" classname="Kubernetes e2e suite" time="0">
          <skipped></skipped>
      </testcase>
      <testcase name="[sig-apps] Network Partition [Disruptive] [Slow] [k8s.io] [ReplicationController] should recreate pods scheduled on the unreachable node AND allow scheduling of pods on a node after it rejoins the cluster" classname="Kubernetes e2e suite" time="0">
          <skipped></skipped>
      </testcase>
      <testcase name="[sig-storage] Downward API volume should provide podname as non-root with fsgroup [Feature:FSGroup]" classname="Kubernetes e2e suite" time="0">
          <skipped></skipped>
      </testcase>
      <testcase name="[sig-apps] Deployment iterative rollouts should eventually progress" classname="Kubernetes e2e suite" time="0">
          <skipped></skipped>
      </testcase>
      <testcase name="[sig-cli] Kubectl Port forwarding [k8s.io] With a server listening on 0.0.0.0 [k8s.io] that expects a client request should support a client that connects, sends NO DATA, and disconnects" classname="Kubernetes e2e suite" time="0">
          <skipped></skipped>
      </testcase>
      <testcase name="[sig-apps] CronJob should schedule multiple jobs concurrently" classname="Kubernetes e2e suite" time="0">
          <skipped></skipped>
      </testcase>
      <testcase name="[sig-cli] Kubectl Port forwarding [k8s.io] With a server listening on 0.0.0.0 [k8s.io] that expects a client request should support a client that connects, sends DATA, and disconnects" classname="Kubernetes e2e suite" time="0">
          <skipped></skipped>
      </testcase>
  </testsuite>